2024-12-31 12:13:58 |INFO  |main |StartupInfoLogger.java:55 |ljl.bilibili.search.SearchApplication |Starting SearchApplication using Java 17.0.13 on DESKTOP-JHA4ATL with PID 23068 (E:\YupiProjects\aigcbilibili-main\java\search\target\classes started by 欧阳健丽 in E:\YupiProjects\aigcbilibili-main)
2024-12-31 12:13:58 |INFO  |main |SpringApplication.java:645 |ljl.bilibili.search.SearchApplication |No active profile set, falling back to 1 default profile: "default"
2024-12-31 12:14:01 |INFO  |main |RepositoryConfigurationDelegate.java:262 |org.springframework.data.repository.config.RepositoryConfigurationDelegate |Multiple Spring Data modules found, entering strict repository configuration mode
2024-12-31 12:14:01 |INFO  |main |RepositoryConfigurationDelegate.java:132 |org.springframework.data.repository.config.RepositoryConfigurationDelegate |Bootstrapping Spring Data Elasticsearch repositories in DEFAULT mode.
2024-12-31 12:14:01 |INFO  |main |RepositoryConfigurationDelegate.java:201 |org.springframework.data.repository.config.RepositoryConfigurationDelegate |Finished Spring Data repository scanning in 9 ms. Found 0 Elasticsearch repository interfaces.
2024-12-31 12:14:01 |INFO  |main |RepositoryConfigurationDelegate.java:262 |org.springframework.data.repository.config.RepositoryConfigurationDelegate |Multiple Spring Data modules found, entering strict repository configuration mode
2024-12-31 12:14:01 |INFO  |main |RepositoryConfigurationDelegate.java:132 |org.springframework.data.repository.config.RepositoryConfigurationDelegate |Bootstrapping Spring Data Reactive Elasticsearch repositories in DEFAULT mode.
2024-12-31 12:14:01 |INFO  |main |RepositoryConfigurationDelegate.java:201 |org.springframework.data.repository.config.RepositoryConfigurationDelegate |Finished Spring Data repository scanning in 4 ms. Found 0 Reactive Elasticsearch repository interfaces.
2024-12-31 12:14:01 |INFO  |main |RepositoryConfigurationDelegate.java:262 |org.springframework.data.repository.config.RepositoryConfigurationDelegate |Multiple Spring Data modules found, entering strict repository configuration mode
2024-12-31 12:14:01 |INFO  |main |RepositoryConfigurationDelegate.java:132 |org.springframework.data.repository.config.RepositoryConfigurationDelegate |Bootstrapping Spring Data Redis repositories in DEFAULT mode.
2024-12-31 12:14:01 |INFO  |main |RepositoryConfigurationDelegate.java:201 |org.springframework.data.repository.config.RepositoryConfigurationDelegate |Finished Spring Data repository scanning in 5 ms. Found 0 Redis repository interfaces.
2024-12-31 12:14:01 |INFO  |main |GenericScope.java:283 |org.springframework.cloud.context.scope.GenericScope |BeanFactory id=6aa78eba-6b58-3f67-93da-bfb781c8f110
2024-12-31 12:14:02 |INFO  |main |TomcatWebServer.java:108 |org.springframework.boot.web.embedded.tomcat.TomcatWebServer |Tomcat initialized with port(s): 8201 (http)
2024-12-31 12:14:02 |INFO  |main |DirectJDKLog.java:173 |org.apache.catalina.core.AprLifecycleListener |Loaded Apache Tomcat Native library [1.3.0] using APR version [1.7.4].
2024-12-31 12:14:02 |INFO  |main |DirectJDKLog.java:173 |org.apache.catalina.core.AprLifecycleListener |APR capabilities: IPv6 [true], sendfile [true], accept filters [false], random [true], UDS [true].
2024-12-31 12:14:02 |INFO  |main |DirectJDKLog.java:173 |org.apache.catalina.core.AprLifecycleListener |APR/OpenSSL configuration: useAprConnector [false], useOpenSSL [true]
2024-12-31 12:14:02 |INFO  |main |DirectJDKLog.java:173 |org.apache.catalina.core.AprLifecycleListener |OpenSSL successfully initialized [OpenSSL 3.0.13 30 Jan 2024]
2024-12-31 12:14:02 |INFO  |main |DirectJDKLog.java:173 |org.apache.coyote.http11.Http11NioProtocol |Initializing ProtocolHandler ["http-nio-8201"]
2024-12-31 12:14:02 |INFO  |main |DirectJDKLog.java:173 |org.apache.catalina.core.StandardService |Starting service [Tomcat]
2024-12-31 12:14:02 |INFO  |main |DirectJDKLog.java:173 |org.apache.catalina.core.StandardEngine |Starting Servlet engine: [Apache Tomcat/9.0.65]
2024-12-31 12:14:02 |INFO  |main |DirectJDKLog.java:173 |org.apache.catalina.core.ContainerBase.[Tomcat].[localhost].[/] |Initializing Spring embedded WebApplicationContext
2024-12-31 12:14:02 |INFO  |main |ServletWebServerApplicationContext.java:290 |org.springframework.boot.web.servlet.context.ServletWebServerApplicationContext |Root WebApplicationContext: initialization completed in 3169 ms
2024-12-31 12:14:03 |WARN  |pool-2-thread-1 |ZipkinAutoConfiguration.java:165 |org.springframework.cloud.sleuth.autoconfig.zipkin2.ZipkinAutoConfiguration |Check result of the [RestTemplateSender{http://localhost:9411/api/v2/spans}] contains an error [CheckResult{ok=false, error=org.springframework.web.client.ResourceAccessException: I/O error on POST request for "http://localhost:9411/api/v2/spans": Connection refused: no further information; nested exception is java.net.ConnectException: Connection refused: no further information}]
2024-12-31 12:14:03 |INFO  |main |ElasticsearchClientConfig.java:59 |ljl.bilibili.search.config.ElasticsearchClientConfig |Connecting Elasticsearch...
2024-12-31 12:14:03 |WARN  |main |ElasticsearchClientConfig.java:66 |ljl.bilibili.search.config.ElasticsearchClientConfig |Connecting Elasticsearch Failed, Retry in 10 seconds...
2024-12-31 12:14:13 |WARN  |main |ElasticsearchClientConfig.java:66 |ljl.bilibili.search.config.ElasticsearchClientConfig |Connecting Elasticsearch Failed, Retry in 10 seconds...
2024-12-31 12:14:23 |WARN  |main |ElasticsearchClientConfig.java:66 |ljl.bilibili.search.config.ElasticsearchClientConfig |Connecting Elasticsearch Failed, Retry in 10 seconds...
2024-12-31 12:14:33 |WARN  |main |ElasticsearchClientConfig.java:66 |ljl.bilibili.search.config.ElasticsearchClientConfig |Connecting Elasticsearch Failed, Retry in 10 seconds...
2024-12-31 12:14:43 |WARN  |main |ElasticsearchClientConfig.java:66 |ljl.bilibili.search.config.ElasticsearchClientConfig |Connecting Elasticsearch Failed, Retry in 10 seconds...
2024-12-31 12:14:53 |WARN  |main |ElasticsearchClientConfig.java:66 |ljl.bilibili.search.config.ElasticsearchClientConfig |Connecting Elasticsearch Failed, Retry in 10 seconds...
2024-12-31 12:15:03 |WARN  |main |ElasticsearchClientConfig.java:66 |ljl.bilibili.search.config.ElasticsearchClientConfig |Connecting Elasticsearch Failed, Retry in 10 seconds...
2024-12-31 12:15:13 |WARN  |main |ElasticsearchClientConfig.java:66 |ljl.bilibili.search.config.ElasticsearchClientConfig |Connecting Elasticsearch Failed, Retry in 10 seconds...
2024-12-31 12:15:23 |WARN  |main |ElasticsearchClientConfig.java:66 |ljl.bilibili.search.config.ElasticsearchClientConfig |Connecting Elasticsearch Failed, Retry in 10 seconds...
2024-12-31 12:15:33 |WARN  |main |ElasticsearchClientConfig.java:66 |ljl.bilibili.search.config.ElasticsearchClientConfig |Connecting Elasticsearch Failed, Retry in 10 seconds...
2024-12-31 12:15:43 |WARN  |main |ElasticsearchClientConfig.java:66 |ljl.bilibili.search.config.ElasticsearchClientConfig |Connecting Elasticsearch Failed, Retry in 10 seconds...
2024-12-31 12:15:53 |WARN  |main |ElasticsearchClientConfig.java:66 |ljl.bilibili.search.config.ElasticsearchClientConfig |Connecting Elasticsearch Failed, Retry in 10 seconds...
2024-12-31 12:16:03 |WARN  |main |ElasticsearchClientConfig.java:66 |ljl.bilibili.search.config.ElasticsearchClientConfig |Connecting Elasticsearch Failed, Retry in 10 seconds...
2024-12-31 12:16:13 |WARN  |main |ElasticsearchClientConfig.java:66 |ljl.bilibili.search.config.ElasticsearchClientConfig |Connecting Elasticsearch Failed, Retry in 10 seconds...
2024-12-31 12:16:23 |WARN  |main |ElasticsearchClientConfig.java:66 |ljl.bilibili.search.config.ElasticsearchClientConfig |Connecting Elasticsearch Failed, Retry in 10 seconds...
2024-12-31 12:16:33 |WARN  |main |ElasticsearchClientConfig.java:66 |ljl.bilibili.search.config.ElasticsearchClientConfig |Connecting Elasticsearch Failed, Retry in 10 seconds...
2024-12-31 12:16:43 |WARN  |main |ElasticsearchClientConfig.java:66 |ljl.bilibili.search.config.ElasticsearchClientConfig |Connecting Elasticsearch Failed, Retry in 10 seconds...
2024-12-31 12:16:53 |WARN  |main |ElasticsearchClientConfig.java:66 |ljl.bilibili.search.config.ElasticsearchClientConfig |Connecting Elasticsearch Failed, Retry in 10 seconds...
2024-12-31 12:17:03 |WARN  |main |ElasticsearchClientConfig.java:66 |ljl.bilibili.search.config.ElasticsearchClientConfig |Connecting Elasticsearch Failed, Retry in 10 seconds...
2024-12-31 12:17:13 |WARN  |main |ElasticsearchClientConfig.java:66 |ljl.bilibili.search.config.ElasticsearchClientConfig |Connecting Elasticsearch Failed, Retry in 10 seconds...
2024-12-31 12:17:23 |WARN  |main |ElasticsearchClientConfig.java:66 |ljl.bilibili.search.config.ElasticsearchClientConfig |Connecting Elasticsearch Failed, Retry in 10 seconds...
2024-12-31 12:17:33 |WARN  |main |ElasticsearchClientConfig.java:66 |ljl.bilibili.search.config.ElasticsearchClientConfig |Connecting Elasticsearch Failed, Retry in 10 seconds...
2024-12-31 12:17:43 |WARN  |main |ElasticsearchClientConfig.java:66 |ljl.bilibili.search.config.ElasticsearchClientConfig |Connecting Elasticsearch Failed, Retry in 10 seconds...
2024-12-31 12:17:54 |WARN  |main |ElasticsearchClientConfig.java:66 |ljl.bilibili.search.config.ElasticsearchClientConfig |Connecting Elasticsearch Failed, Retry in 10 seconds...
2024-12-31 12:18:04 |WARN  |main |ElasticsearchClientConfig.java:66 |ljl.bilibili.search.config.ElasticsearchClientConfig |Connecting Elasticsearch Failed, Retry in 10 seconds...
2024-12-31 12:18:14 |WARN  |main |ElasticsearchClientConfig.java:66 |ljl.bilibili.search.config.ElasticsearchClientConfig |Connecting Elasticsearch Failed, Retry in 10 seconds...
2024-12-31 12:18:24 |WARN  |main |ElasticsearchClientConfig.java:66 |ljl.bilibili.search.config.ElasticsearchClientConfig |Connecting Elasticsearch Failed, Retry in 10 seconds...
2024-12-31 12:18:34 |WARN  |main |ElasticsearchClientConfig.java:66 |ljl.bilibili.search.config.ElasticsearchClientConfig |Connecting Elasticsearch Failed, Retry in 10 seconds...
2024-12-31 12:18:44 |WARN  |main |ElasticsearchClientConfig.java:66 |ljl.bilibili.search.config.ElasticsearchClientConfig |Connecting Elasticsearch Failed, Retry in 10 seconds...
2024-12-31 12:18:54 |WARN  |main |ElasticsearchClientConfig.java:66 |ljl.bilibili.search.config.ElasticsearchClientConfig |Connecting Elasticsearch Failed, Retry in 10 seconds...
2024-12-31 12:19:04 |INFO  |main |TimeBasedFilter.java:24 |ljl.bilibili.filter.TimeBasedFilter |






2024-12-31 12:19:04 |WARN  |main |ElasticsearchClientConfig.java:66 |ljl.bilibili.search.config.ElasticsearchClientConfig |Connecting Elasticsearch Failed, Retry in 10 seconds...
2024-12-31 12:19:14 |WARN  |main |ElasticsearchClientConfig.java:66 |ljl.bilibili.search.config.ElasticsearchClientConfig |Connecting Elasticsearch Failed, Retry in 10 seconds...
2024-12-31 12:19:24 |WARN  |main |ElasticsearchClientConfig.java:66 |ljl.bilibili.search.config.ElasticsearchClientConfig |Connecting Elasticsearch Failed, Retry in 10 seconds...
2024-12-31 12:19:34 |WARN  |main |ElasticsearchClientConfig.java:66 |ljl.bilibili.search.config.ElasticsearchClientConfig |Connecting Elasticsearch Failed, Retry in 10 seconds...
2024-12-31 12:19:44 |WARN  |main |ElasticsearchClientConfig.java:66 |ljl.bilibili.search.config.ElasticsearchClientConfig |Connecting Elasticsearch Failed, Retry in 10 seconds...
2024-12-31 12:19:54 |WARN  |main |ElasticsearchClientConfig.java:66 |ljl.bilibili.search.config.ElasticsearchClientConfig |Connecting Elasticsearch Failed, Retry in 10 seconds...
2024-12-31 12:20:04 |WARN  |main |ElasticsearchClientConfig.java:66 |ljl.bilibili.search.config.ElasticsearchClientConfig |Connecting Elasticsearch Failed, Retry in 10 seconds...
2024-12-31 12:20:14 |WARN  |main |ElasticsearchClientConfig.java:66 |ljl.bilibili.search.config.ElasticsearchClientConfig |Connecting Elasticsearch Failed, Retry in 10 seconds...
2024-12-31 12:20:24 |WARN  |main |ElasticsearchClientConfig.java:66 |ljl.bilibili.search.config.ElasticsearchClientConfig |Connecting Elasticsearch Failed, Retry in 10 seconds...
2024-12-31 12:20:34 |WARN  |main |ElasticsearchClientConfig.java:66 |ljl.bilibili.search.config.ElasticsearchClientConfig |Connecting Elasticsearch Failed, Retry in 10 seconds...
