2025-01-03 14:30:40 |INFO  |background-preinit |Version.java:21 |org.hibernate.validator.internal.util.Version |HV000001: Hibernate Validator 6.2.4.Final
2025-01-03 14:30:40 |INFO  |main |StartupInfoLogger.java:55 |ljl.bilibili.gateway.GateWayApplication |Starting GateWayApplication using Java 17.0.13 on DESKTOP-JHA4ATL with PID 10308 (E:\YupiProjects\aigcbilibili-main\java\gateway\target\classes started by 欧阳健丽 in E:\YupiProjects\aigcbilibili-main)
2025-01-03 14:30:40 |INFO  |main |SpringApplication.java:651 |ljl.bilibili.gateway.GateWayApplication |The following 1 profile is active: "dev"
2025-01-03 14:30:42 |INFO  |main |RepositoryConfigurationDelegate.java:262 |org.springframework.data.repository.config.RepositoryConfigurationDelegate |Multiple Spring Data modules found, entering strict repository configuration mode
2025-01-03 14:30:42 |INFO  |main |RepositoryConfigurationDelegate.java:132 |org.springframework.data.repository.config.RepositoryConfigurationDelegate |Bootstrapping Spring Data Redis repositories in DEFAULT mode.
2025-01-03 14:30:42 |INFO  |main |RepositoryConfigurationDelegate.java:201 |org.springframework.data.repository.config.RepositoryConfigurationDelegate |Finished Spring Data repository scanning in 11 ms. Found 0 Redis repository interfaces.
2025-01-03 14:30:42 |INFO  |main |GenericScope.java:283 |org.springframework.cloud.context.scope.GenericScope |BeanFactory id=a668ac38-35d8-39df-a94a-35cd0ba158e2
2025-01-03 14:30:43 |INFO  |main |PostProcessorRegistrationDelegate.java:376 |org.springframework.context.support.PostProcessorRegistrationDelegate$BeanPostProcessorChecker |Bean 'org.springframework.cloud.client.loadbalancer.reactive.LoadBalancerBeanPostProcessorAutoConfiguration' of type [org.springframework.cloud.client.loadbalancer.reactive.LoadBalancerBeanPostProcessorAutoConfiguration] is not eligible for getting processed by all BeanPostProcessors (for example: not eligible for auto-proxying)
2025-01-03 14:30:43 |INFO  |main |PostProcessorRegistrationDelegate.java:376 |org.springframework.context.support.PostProcessorRegistrationDelegate$BeanPostProcessorChecker |Bean 'org.springframework.cloud.client.loadbalancer.reactive.LoadBalancerBeanPostProcessorAutoConfiguration$ReactorDeferringLoadBalancerFilterConfig' of type [org.springframework.cloud.client.loadbalancer.reactive.LoadBalancerBeanPostProcessorAutoConfiguration$ReactorDeferringLoadBalancerFilterConfig] is not eligible for getting processed by all BeanPostProcessors (for example: not eligible for auto-proxying)
2025-01-03 14:30:43 |INFO  |main |PostProcessorRegistrationDelegate.java:376 |org.springframework.context.support.PostProcessorRegistrationDelegate$BeanPostProcessorChecker |Bean 'reactorDeferringLoadBalancerExchangeFilterFunction' of type [org.springframework.cloud.client.loadbalancer.reactive.DeferringLoadBalancerExchangeFilterFunction] is not eligible for getting processed by all BeanPostProcessors (for example: not eligible for auto-proxying)
2025-01-03 14:30:44 |INFO  |main |MybatisPlusJoinAutoConfiguration.java:140 |com.github.yulichang.autoconfigure.MybatisPlusJoinAutoConfiguration |mybatis plus join properties config complete
2025-01-03 14:30:44 |INFO  |main |MybatisPlusJoinAutoConfiguration.java:140 |com.github.yulichang.autoconfigure.MybatisPlusJoinAutoConfiguration |mybatis plus join SqlInjector init
2025-01-03 14:30:46 |INFO  |main |RouteDefinitionRouteLocator.java:88 |org.springframework.cloud.gateway.route.RouteDefinitionRouteLocator |Loaded RoutePredicateFactory [After]
2025-01-03 14:30:46 |INFO  |main |RouteDefinitionRouteLocator.java:88 |org.springframework.cloud.gateway.route.RouteDefinitionRouteLocator |Loaded RoutePredicateFactory [Before]
2025-01-03 14:30:46 |INFO  |main |RouteDefinitionRouteLocator.java:88 |org.springframework.cloud.gateway.route.RouteDefinitionRouteLocator |Loaded RoutePredicateFactory [Between]
2025-01-03 14:30:46 |INFO  |main |RouteDefinitionRouteLocator.java:88 |org.springframework.cloud.gateway.route.RouteDefinitionRouteLocator |Loaded RoutePredicateFactory [Cookie]
2025-01-03 14:30:46 |INFO  |main |RouteDefinitionRouteLocator.java:88 |org.springframework.cloud.gateway.route.RouteDefinitionRouteLocator |Loaded RoutePredicateFactory [Header]
2025-01-03 14:30:46 |INFO  |main |RouteDefinitionRouteLocator.java:88 |org.springframework.cloud.gateway.route.RouteDefinitionRouteLocator |Loaded RoutePredicateFactory [Host]
2025-01-03 14:30:46 |INFO  |main |RouteDefinitionRouteLocator.java:88 |org.springframework.cloud.gateway.route.RouteDefinitionRouteLocator |Loaded RoutePredicateFactory [Method]
2025-01-03 14:30:46 |INFO  |main |RouteDefinitionRouteLocator.java:88 |org.springframework.cloud.gateway.route.RouteDefinitionRouteLocator |Loaded RoutePredicateFactory [Path]
2025-01-03 14:30:46 |INFO  |main |RouteDefinitionRouteLocator.java:88 |org.springframework.cloud.gateway.route.RouteDefinitionRouteLocator |Loaded RoutePredicateFactory [Query]
2025-01-03 14:30:46 |INFO  |main |RouteDefinitionRouteLocator.java:88 |org.springframework.cloud.gateway.route.RouteDefinitionRouteLocator |Loaded RoutePredicateFactory [ReadBody]
2025-01-03 14:30:46 |INFO  |main |RouteDefinitionRouteLocator.java:88 |org.springframework.cloud.gateway.route.RouteDefinitionRouteLocator |Loaded RoutePredicateFactory [RemoteAddr]
2025-01-03 14:30:46 |INFO  |main |RouteDefinitionRouteLocator.java:88 |org.springframework.cloud.gateway.route.RouteDefinitionRouteLocator |Loaded RoutePredicateFactory [XForwardedRemoteAddr]
2025-01-03 14:30:46 |INFO  |main |RouteDefinitionRouteLocator.java:88 |org.springframework.cloud.gateway.route.RouteDefinitionRouteLocator |Loaded RoutePredicateFactory [Weight]
2025-01-03 14:30:46 |INFO  |main |RouteDefinitionRouteLocator.java:88 |org.springframework.cloud.gateway.route.RouteDefinitionRouteLocator |Loaded RoutePredicateFactory [CloudFoundryRouteService]
2025-01-03 14:30:46 |INFO  |main |ReactiveUserDetailsServiceAutoConfiguration.java:88 |org.springframework.boot.autoconfigure.security.reactive.ReactiveUserDetailsServiceAutoConfiguration |

Using generated security password: 3da49105-db7e-4b8a-a82c-a97c46d77246

2025-01-03 14:30:47 |WARN  |pool-4-thread-1 |ZipkinAutoConfiguration.java:165 |org.springframework.cloud.sleuth.autoconfig.zipkin2.ZipkinAutoConfiguration |Check result of the [WebClientSender{http://localhost:9411/api/v2/spans}] contains an error [CheckResult{ok=false, error=org.springframework.web.reactive.function.client.WebClientRequestException: Connection refused: no further information: localhost/127.0.0.1:9411; nested exception is io.netty.channel.AbstractChannel$AnnotatedConnectException: Connection refused: no further information: localhost/127.0.0.1:9411}]
2025-01-03 14:30:49 |WARN  |main |LoadBalancerCacheAutoConfiguration.java:82 |org.springframework.cloud.loadbalancer.config.LoadBalancerCacheAutoConfiguration$LoadBalancerCaffeineWarnLogger |Spring Cloud LoadBalancer is currently working with the default cache. While this cache implementation is useful for development and tests, it's recommended to use Caffeine cache in production.You can switch to using Caffeine cache, by adding it and org.springframework.cache.caffeine.CaffeineCacheManager to the classpath.
2025-01-03 14:30:50 |INFO  |main |NettyWebServer.java:111 |org.springframework.boot.web.embedded.netty.NettyWebServer |Netty started on port 8200
2025-01-03 14:30:51 |INFO  |main |StartupInfoLogger.java:61 |ljl.bilibili.gateway.GateWayApplication |Started GateWayApplication in 11.706 seconds (JVM running for 12.635)
