2025-01-04 01:57:07 |INFO  |Thread-3 |TimeBasedFilter.java:24 |ljl.bilibili.filter.TimeBasedFilter |






2025-01-04 01:57:07 |INFO  |Thread-3 |ZipkinAutoConfiguration.java:144 |org.springframework.cloud.sleuth.autoconfig.zipkin2.ZipkinAutoConfiguration |Flushing remaining spans on shutdown
2025-01-04 01:57:08 |INFO  |SpringApplicationShutdownHook |DruidDataSource.java:2063 |com.alibaba.druid.pool.DruidDataSource |{dataSource-0} closing ...
2025-01-04 01:57:19 |INFO  |background-preinit |Version.java:21 |org.hibernate.validator.internal.util.Version |HV000001: Hibernate Validator 6.2.4.Final
2025-01-04 01:57:19 |INFO  |main |StartupInfoLogger.java:55 |ljl.bilibili.gateway.GateWayApplication |Starting GateWayApplication using Java 17.0.13 on DESKTOP-JHA4ATL with PID 15424 (E:\YupiProjects\aigcbilibili-main\java\gateway\target\classes started by 欧阳健丽 in E:\YupiProjects\aigcbilibili-main)
2025-01-04 01:57:19 |INFO  |main |SpringApplication.java:651 |ljl.bilibili.gateway.GateWayApplication |The following 1 profile is active: "dev"
2025-01-04 01:57:20 |INFO  |main |RepositoryConfigurationDelegate.java:262 |org.springframework.data.repository.config.RepositoryConfigurationDelegate |Multiple Spring Data modules found, entering strict repository configuration mode
2025-01-04 01:57:20 |INFO  |main |RepositoryConfigurationDelegate.java:132 |org.springframework.data.repository.config.RepositoryConfigurationDelegate |Bootstrapping Spring Data Redis repositories in DEFAULT mode.
2025-01-04 01:57:20 |INFO  |main |RepositoryConfigurationDelegate.java:201 |org.springframework.data.repository.config.RepositoryConfigurationDelegate |Finished Spring Data repository scanning in 13 ms. Found 0 Redis repository interfaces.
2025-01-04 01:57:21 |INFO  |main |GenericScope.java:283 |org.springframework.cloud.context.scope.GenericScope |BeanFactory id=a668ac38-35d8-39df-a94a-35cd0ba158e2
2025-01-04 01:57:22 |INFO  |main |PostProcessorRegistrationDelegate.java:376 |org.springframework.context.support.PostProcessorRegistrationDelegate$BeanPostProcessorChecker |Bean 'org.springframework.cloud.client.loadbalancer.reactive.LoadBalancerBeanPostProcessorAutoConfiguration' of type [org.springframework.cloud.client.loadbalancer.reactive.LoadBalancerBeanPostProcessorAutoConfiguration] is not eligible for getting processed by all BeanPostProcessors (for example: not eligible for auto-proxying)
2025-01-04 01:57:22 |INFO  |main |PostProcessorRegistrationDelegate.java:376 |org.springframework.context.support.PostProcessorRegistrationDelegate$BeanPostProcessorChecker |Bean 'org.springframework.cloud.client.loadbalancer.reactive.LoadBalancerBeanPostProcessorAutoConfiguration$ReactorDeferringLoadBalancerFilterConfig' of type [org.springframework.cloud.client.loadbalancer.reactive.LoadBalancerBeanPostProcessorAutoConfiguration$ReactorDeferringLoadBalancerFilterConfig] is not eligible for getting processed by all BeanPostProcessors (for example: not eligible for auto-proxying)
2025-01-04 01:57:22 |INFO  |main |PostProcessorRegistrationDelegate.java:376 |org.springframework.context.support.PostProcessorRegistrationDelegate$BeanPostProcessorChecker |Bean 'reactorDeferringLoadBalancerExchangeFilterFunction' of type [org.springframework.cloud.client.loadbalancer.reactive.DeferringLoadBalancerExchangeFilterFunction] is not eligible for getting processed by all BeanPostProcessors (for example: not eligible for auto-proxying)
2025-01-04 01:57:23 |INFO  |main |MybatisPlusJoinAutoConfiguration.java:140 |com.github.yulichang.autoconfigure.MybatisPlusJoinAutoConfiguration |mybatis plus join properties config complete
2025-01-04 01:57:23 |INFO  |main |MybatisPlusJoinAutoConfiguration.java:140 |com.github.yulichang.autoconfigure.MybatisPlusJoinAutoConfiguration |mybatis plus join SqlInjector init
2025-01-04 01:57:27 |INFO  |main |RouteDefinitionRouteLocator.java:88 |org.springframework.cloud.gateway.route.RouteDefinitionRouteLocator |Loaded RoutePredicateFactory [After]
2025-01-04 01:57:27 |INFO  |main |RouteDefinitionRouteLocator.java:88 |org.springframework.cloud.gateway.route.RouteDefinitionRouteLocator |Loaded RoutePredicateFactory [Before]
2025-01-04 01:57:27 |INFO  |main |RouteDefinitionRouteLocator.java:88 |org.springframework.cloud.gateway.route.RouteDefinitionRouteLocator |Loaded RoutePredicateFactory [Between]
2025-01-04 01:57:27 |INFO  |main |RouteDefinitionRouteLocator.java:88 |org.springframework.cloud.gateway.route.RouteDefinitionRouteLocator |Loaded RoutePredicateFactory [Cookie]
2025-01-04 01:57:27 |INFO  |main |RouteDefinitionRouteLocator.java:88 |org.springframework.cloud.gateway.route.RouteDefinitionRouteLocator |Loaded RoutePredicateFactory [Header]
2025-01-04 01:57:27 |INFO  |main |RouteDefinitionRouteLocator.java:88 |org.springframework.cloud.gateway.route.RouteDefinitionRouteLocator |Loaded RoutePredicateFactory [Host]
2025-01-04 01:57:27 |INFO  |main |RouteDefinitionRouteLocator.java:88 |org.springframework.cloud.gateway.route.RouteDefinitionRouteLocator |Loaded RoutePredicateFactory [Method]
2025-01-04 01:57:27 |INFO  |main |RouteDefinitionRouteLocator.java:88 |org.springframework.cloud.gateway.route.RouteDefinitionRouteLocator |Loaded RoutePredicateFactory [Path]
2025-01-04 01:57:27 |INFO  |main |RouteDefinitionRouteLocator.java:88 |org.springframework.cloud.gateway.route.RouteDefinitionRouteLocator |Loaded RoutePredicateFactory [Query]
2025-01-04 01:57:27 |INFO  |main |RouteDefinitionRouteLocator.java:88 |org.springframework.cloud.gateway.route.RouteDefinitionRouteLocator |Loaded RoutePredicateFactory [ReadBody]
2025-01-04 01:57:27 |INFO  |main |RouteDefinitionRouteLocator.java:88 |org.springframework.cloud.gateway.route.RouteDefinitionRouteLocator |Loaded RoutePredicateFactory [RemoteAddr]
2025-01-04 01:57:27 |INFO  |main |RouteDefinitionRouteLocator.java:88 |org.springframework.cloud.gateway.route.RouteDefinitionRouteLocator |Loaded RoutePredicateFactory [XForwardedRemoteAddr]
2025-01-04 01:57:27 |INFO  |main |RouteDefinitionRouteLocator.java:88 |org.springframework.cloud.gateway.route.RouteDefinitionRouteLocator |Loaded RoutePredicateFactory [Weight]
2025-01-04 01:57:27 |INFO  |main |RouteDefinitionRouteLocator.java:88 |org.springframework.cloud.gateway.route.RouteDefinitionRouteLocator |Loaded RoutePredicateFactory [CloudFoundryRouteService]
2025-01-04 01:57:27 |INFO  |main |ReactiveUserDetailsServiceAutoConfiguration.java:88 |org.springframework.boot.autoconfigure.security.reactive.ReactiveUserDetailsServiceAutoConfiguration |

Using generated security password: d788751f-8bf2-4a5b-b769-54aca7642124

2025-01-04 01:57:28 |WARN  |pool-4-thread-1 |ZipkinAutoConfiguration.java:165 |org.springframework.cloud.sleuth.autoconfig.zipkin2.ZipkinAutoConfiguration |Check result of the [WebClientSender{http://localhost:9411/api/v2/spans}] contains an error [CheckResult{ok=false, error=org.springframework.web.reactive.function.client.WebClientRequestException: Connection refused: no further information: localhost/127.0.0.1:9411; nested exception is io.netty.channel.AbstractChannel$AnnotatedConnectException: Connection refused: no further information: localhost/127.0.0.1:9411}]
2025-01-04 01:57:29 |WARN  |main |LoadBalancerCacheAutoConfiguration.java:82 |org.springframework.cloud.loadbalancer.config.LoadBalancerCacheAutoConfiguration$LoadBalancerCaffeineWarnLogger |Spring Cloud LoadBalancer is currently working with the default cache. While this cache implementation is useful for development and tests, it's recommended to use Caffeine cache in production.You can switch to using Caffeine cache, by adding it and org.springframework.cache.caffeine.CaffeineCacheManager to the classpath.
2025-01-04 01:57:30 |INFO  |main |NettyWebServer.java:111 |org.springframework.boot.web.embedded.netty.NettyWebServer |Netty started on port 8200
2025-01-04 01:57:31 |INFO  |main |StartupInfoLogger.java:61 |ljl.bilibili.gateway.GateWayApplication |Started GateWayApplication in 13.127 seconds (JVM running for 13.87)
2025-01-04 03:14:51 |INFO  |parallel-2 |TimeBasedFilter.java:24 |ljl.bilibili.filter.TimeBasedFilter |






2025-01-04 03:14:51 |INFO  |parallel-2 |JwtAuthorizationFilter.java:37 |ljl.bilibili.gateway.filter.JwtAuthorizationFilter |/
2025-01-04 03:14:51 |INFO  |parallel-3 |JwtAuthorizationFilter.java:37 |ljl.bilibili.gateway.filter.JwtAuthorizationFilter |/favicon.ico
2025-01-04 03:14:52 |WARN  |AsyncReporter{WebClientSender{http://localhost:9411/api/v2/spans}} |AsyncReporter.java:310 |zipkin2.reporter.AsyncReporter$BoundedAsyncReporter |Spans were dropped due to exceptions. All subsequent errors will be logged at FINE level.
2025-01-04 03:14:52 |WARN  |AsyncReporter{WebClientSender{http://localhost:9411/api/v2/spans}} |AsyncReporter.java:317 |zipkin2.reporter.AsyncReporter$BoundedAsyncReporter |Dropped 1 spans due to WebClientRequestException(Connection refused: no further information: localhost/127.0.0.1:9411; nested exception is io.netty.channel.AbstractChannel$AnnotatedConnectException: Connection refused: no further information: localhost/127.0.0.1:9411)
org.springframework.web.reactive.function.client.WebClientRequestException: Connection refused: no further information: localhost/127.0.0.1:9411; nested exception is io.netty.channel.AbstractChannel$AnnotatedConnectException: Connection refused: no further information: localhost/127.0.0.1:9411
	at org.springframework.web.reactive.function.client.ExchangeFunctions$DefaultExchangeFunction.lambda$wrapException$9(ExchangeFunctions.java:141)
	Suppressed: reactor.core.publisher.FluxOnAssembly$OnAssemblyException: 
Error has been observed at the following site(s):
	*__checkpoint ⇢ Request to POST http://localhost:9411/api/v2/spans [DefaultWebClient]
Original Stack Trace:
		at org.springframework.web.reactive.function.client.ExchangeFunctions$DefaultExchangeFunction.lambda$wrapException$9(ExchangeFunctions.java:141)
		at reactor.core.publisher.MonoErrorSupplied.subscribe(MonoErrorSupplied.java:55)
		at reactor.core.publisher.Mono.subscribe(Mono.java:4397)
		at reactor.core.publisher.FluxOnErrorResume$ResumeSubscriber.onError(FluxOnErrorResume.java:103)
		at reactor.core.publisher.FluxPeek$PeekSubscriber.onError(FluxPeek.java:222)
		at reactor.core.publisher.FluxPeek$PeekSubscriber.onError(FluxPeek.java:222)
		at reactor.core.publisher.FluxPeek$PeekSubscriber.onError(FluxPeek.java:222)
		at reactor.core.publisher.MonoNext$NextSubscriber.onError(MonoNext.java:93)
		at reactor.core.publisher.MonoFlatMapMany$FlatMapManyMain.onError(MonoFlatMapMany.java:204)
		at reactor.core.publisher.SerializedSubscriber.onError(SerializedSubscriber.java:124)
		at reactor.core.publisher.FluxRetryWhen$RetryWhenMainSubscriber.whenError(FluxRetryWhen.java:225)
		at reactor.core.publisher.FluxRetryWhen$RetryWhenOtherSubscriber.onError(FluxRetryWhen.java:274)
		at reactor.core.publisher.FluxConcatMap$ConcatMapImmediate.drain(FluxConcatMap.java:415)
		at reactor.core.publisher.FluxConcatMap$ConcatMapImmediate.onNext(FluxConcatMap.java:251)
		at reactor.core.publisher.EmitterProcessor.drain(EmitterProcessor.java:537)
		at reactor.core.publisher.EmitterProcessor.tryEmitNext(EmitterProcessor.java:343)
		at reactor.core.publisher.SinkManySerialized.tryEmitNext(SinkManySerialized.java:100)
		at reactor.core.publisher.InternalManySink.emitNext(InternalManySink.java:27)
		at reactor.core.publisher.FluxRetryWhen$RetryWhenMainSubscriber.onError(FluxRetryWhen.java:190)
		at reactor.core.publisher.MonoCreate$DefaultMonoSink.error(MonoCreate.java:201)
		at reactor.netty.http.client.HttpClientConnect$MonoHttpConnect$ClientTransportSubscriber.onError(HttpClientConnect.java:308)
		at reactor.core.publisher.MonoCreate$DefaultMonoSink.error(MonoCreate.java:201)
		at reactor.netty.resources.DefaultPooledConnectionProvider$DisposableAcquire.onError(DefaultPooledConnectionProvider.java:158)
		at reactor.netty.internal.shaded.reactor.pool.AbstractPool$Borrower.fail(AbstractPool.java:475)
		at reactor.netty.internal.shaded.reactor.pool.SimpleDequePool.lambda$drainLoop$9(SimpleDequePool.java:431)
		at reactor.core.publisher.FluxDoOnEach$DoOnEachSubscriber.onError(FluxDoOnEach.java:186)
		at reactor.core.publisher.MonoCreate$DefaultMonoSink.error(MonoCreate.java:201)
		at reactor.netty.resources.DefaultPooledConnectionProvider$PooledConnectionAllocator$PooledConnectionInitializer.onError(DefaultPooledConnectionProvider.java:548)
		at reactor.core.publisher.MonoFlatMap$FlatMapMain.secondError(MonoFlatMap.java:192)
		at reactor.core.publisher.MonoFlatMap$FlatMapInner.onError(MonoFlatMap.java:259)
		at reactor.core.publisher.FluxOnErrorResume$ResumeSubscriber.onError(FluxOnErrorResume.java:106)
		at reactor.core.publisher.Operators.error(Operators.java:198)
		at reactor.core.publisher.MonoError.subscribe(MonoError.java:53)
		at reactor.core.publisher.Mono.subscribe(Mono.java:4397)
		at reactor.core.publisher.FluxOnErrorResume$ResumeSubscriber.onError(FluxOnErrorResume.java:103)
		at reactor.netty.transport.TransportConnector$MonoChannelPromise.tryFailure(TransportConnector.java:534)
		at reactor.netty.transport.TransportConnector$MonoChannelPromise.setFailure(TransportConnector.java:488)
		at reactor.netty.transport.TransportConnector.lambda$doConnect$7(TransportConnector.java:223)
		at io.netty.util.concurrent.DefaultPromise.notifyListener0(DefaultPromise.java:578)
		at io.netty.util.concurrent.DefaultPromise.notifyListeners0(DefaultPromise.java:571)
		at io.netty.util.concurrent.DefaultPromise.notifyListenersNow(DefaultPromise.java:550)
		at io.netty.util.concurrent.DefaultPromise.notifyListeners(DefaultPromise.java:491)
		at io.netty.util.concurrent.DefaultPromise.setValue0(DefaultPromise.java:616)
		at io.netty.util.concurrent.DefaultPromise.setFailure0(DefaultPromise.java:609)
		at io.netty.util.concurrent.DefaultPromise.tryFailure(DefaultPromise.java:117)
		at io.netty.channel.nio.AbstractNioChannel$AbstractNioUnsafe.fulfillConnectPromise(AbstractNioChannel.java:321)
		at io.netty.channel.nio.AbstractNioChannel$AbstractNioUnsafe.finishConnect(AbstractNioChannel.java:337)
		at io.netty.channel.nio.NioEventLoop.processSelectedKey(NioEventLoop.java:710)
		at io.netty.channel.nio.NioEventLoop.processSelectedKeysOptimized(NioEventLoop.java:658)
		at io.netty.channel.nio.NioEventLoop.processSelectedKeys(NioEventLoop.java:584)
		at io.netty.channel.nio.NioEventLoop.run(NioEventLoop.java:496)
		at io.netty.util.concurrent.SingleThreadEventExecutor$4.run(SingleThreadEventExecutor.java:997)
		at io.netty.util.internal.ThreadExecutorMap$2.run(ThreadExecutorMap.java:74)
		at io.netty.util.concurrent.FastThreadLocalRunnable.run(FastThreadLocalRunnable.java:30)
		at java.base/java.lang.Thread.run(Thread.java:842)
	Suppressed: java.lang.Exception: #block terminated with an error
		at reactor.core.publisher.BlockingSingleSubscriber.blockingGet(BlockingSingleSubscriber.java:99)
		at reactor.core.publisher.Mono.block(Mono.java:1707)
		at org.springframework.cloud.sleuth.zipkin2.WebClientSender.lambda$new$0(WebClientSender.java:66)
		at org.springframework.cloud.sleuth.zipkin2.HttpSender.post(HttpSender.java:137)
		at org.springframework.cloud.sleuth.zipkin2.HttpSender$HttpPostCall.doExecute(HttpSender.java:150)
		at org.springframework.cloud.sleuth.zipkin2.HttpSender$HttpPostCall.doExecute(HttpSender.java:140)
		at zipkin2.Call$Base.execute(Call.java:391)
		at zipkin2.reporter.AsyncReporter$BoundedAsyncReporter.flush(AsyncReporter.java:299)
		at zipkin2.reporter.AsyncReporter$Flusher.run(AsyncReporter.java:378)
		at java.base/java.lang.Thread.run(Thread.java:842)
Caused by: io.netty.channel.AbstractChannel$AnnotatedConnectException: Connection refused: no further information: localhost/127.0.0.1:9411
Caused by: java.net.ConnectException: Connection refused: no further information
	at java.base/sun.nio.ch.Net.pollConnect(Native Method)
	at java.base/sun.nio.ch.Net.pollConnectNow(Net.java:672)
	at java.base/sun.nio.ch.SocketChannelImpl.finishConnect(SocketChannelImpl.java:946)
	at io.netty.channel.socket.nio.NioSocketChannel.doFinishConnect(NioSocketChannel.java:337)
	at io.netty.channel.nio.AbstractNioChannel$AbstractNioUnsafe.finishConnect(AbstractNioChannel.java:334)
	at io.netty.channel.nio.NioEventLoop.processSelectedKey(NioEventLoop.java:710)
	at io.netty.channel.nio.NioEventLoop.processSelectedKeysOptimized(NioEventLoop.java:658)
	at io.netty.channel.nio.NioEventLoop.processSelectedKeys(NioEventLoop.java:584)
	at io.netty.channel.nio.NioEventLoop.run(NioEventLoop.java:496)
	at io.netty.util.concurrent.SingleThreadEventExecutor$4.run(SingleThreadEventExecutor.java:997)
	at io.netty.util.internal.ThreadExecutorMap$2.run(ThreadExecutorMap.java:74)
	at io.netty.util.concurrent.FastThreadLocalRunnable.run(FastThreadLocalRunnable.java:30)
	at java.base/java.lang.Thread.run(Thread.java:842)
2025-01-04 03:14:57 |INFO  |Thread-3 |ZipkinAutoConfiguration.java:144 |org.springframework.cloud.sleuth.autoconfig.zipkin2.ZipkinAutoConfiguration |Flushing remaining spans on shutdown
2025-01-04 03:14:57 |INFO  |SpringApplicationShutdownHook |DruidDataSource.java:2063 |com.alibaba.druid.pool.DruidDataSource |{dataSource-0} closing ...
2025-01-04 03:15:03 |INFO  |background-preinit |Version.java:21 |org.hibernate.validator.internal.util.Version |HV000001: Hibernate Validator 6.2.4.Final
2025-01-04 03:15:03 |INFO  |main |StartupInfoLogger.java:55 |ljl.bilibili.gateway.GateWayApplication |Starting GateWayApplication using Java 17.0.13 on DESKTOP-JHA4ATL with PID 31720 (E:\YupiProjects\aigcbilibili-main\java\gateway\target\classes started by 欧阳健丽 in E:\YupiProjects\aigcbilibili-main)
2025-01-04 03:15:03 |INFO  |main |SpringApplication.java:651 |ljl.bilibili.gateway.GateWayApplication |The following 1 profile is active: "dev"
2025-01-04 03:15:04 |INFO  |main |RepositoryConfigurationDelegate.java:262 |org.springframework.data.repository.config.RepositoryConfigurationDelegate |Multiple Spring Data modules found, entering strict repository configuration mode
2025-01-04 03:15:04 |INFO  |main |RepositoryConfigurationDelegate.java:132 |org.springframework.data.repository.config.RepositoryConfigurationDelegate |Bootstrapping Spring Data Redis repositories in DEFAULT mode.
2025-01-04 03:15:04 |INFO  |main |RepositoryConfigurationDelegate.java:201 |org.springframework.data.repository.config.RepositoryConfigurationDelegate |Finished Spring Data repository scanning in 6 ms. Found 0 Redis repository interfaces.
2025-01-04 03:15:04 |INFO  |main |GenericScope.java:283 |org.springframework.cloud.context.scope.GenericScope |BeanFactory id=a668ac38-35d8-39df-a94a-35cd0ba158e2
2025-01-04 03:15:05 |INFO  |main |PostProcessorRegistrationDelegate.java:376 |org.springframework.context.support.PostProcessorRegistrationDelegate$BeanPostProcessorChecker |Bean 'org.springframework.cloud.client.loadbalancer.reactive.LoadBalancerBeanPostProcessorAutoConfiguration' of type [org.springframework.cloud.client.loadbalancer.reactive.LoadBalancerBeanPostProcessorAutoConfiguration] is not eligible for getting processed by all BeanPostProcessors (for example: not eligible for auto-proxying)
2025-01-04 03:15:05 |INFO  |main |PostProcessorRegistrationDelegate.java:376 |org.springframework.context.support.PostProcessorRegistrationDelegate$BeanPostProcessorChecker |Bean 'org.springframework.cloud.client.loadbalancer.reactive.LoadBalancerBeanPostProcessorAutoConfiguration$ReactorDeferringLoadBalancerFilterConfig' of type [org.springframework.cloud.client.loadbalancer.reactive.LoadBalancerBeanPostProcessorAutoConfiguration$ReactorDeferringLoadBalancerFilterConfig] is not eligible for getting processed by all BeanPostProcessors (for example: not eligible for auto-proxying)
2025-01-04 03:15:05 |INFO  |main |PostProcessorRegistrationDelegate.java:376 |org.springframework.context.support.PostProcessorRegistrationDelegate$BeanPostProcessorChecker |Bean 'reactorDeferringLoadBalancerExchangeFilterFunction' of type [org.springframework.cloud.client.loadbalancer.reactive.DeferringLoadBalancerExchangeFilterFunction] is not eligible for getting processed by all BeanPostProcessors (for example: not eligible for auto-proxying)
2025-01-04 03:15:05 |INFO  |main |MybatisPlusJoinAutoConfiguration.java:140 |com.github.yulichang.autoconfigure.MybatisPlusJoinAutoConfiguration |mybatis plus join properties config complete
2025-01-04 03:15:05 |INFO  |main |MybatisPlusJoinAutoConfiguration.java:140 |com.github.yulichang.autoconfigure.MybatisPlusJoinAutoConfiguration |mybatis plus join SqlInjector init
2025-01-04 03:15:06 |INFO  |main |RouteDefinitionRouteLocator.java:88 |org.springframework.cloud.gateway.route.RouteDefinitionRouteLocator |Loaded RoutePredicateFactory [After]
2025-01-04 03:15:06 |INFO  |main |RouteDefinitionRouteLocator.java:88 |org.springframework.cloud.gateway.route.RouteDefinitionRouteLocator |Loaded RoutePredicateFactory [Before]
2025-01-04 03:15:06 |INFO  |main |RouteDefinitionRouteLocator.java:88 |org.springframework.cloud.gateway.route.RouteDefinitionRouteLocator |Loaded RoutePredicateFactory [Between]
2025-01-04 03:15:06 |INFO  |main |RouteDefinitionRouteLocator.java:88 |org.springframework.cloud.gateway.route.RouteDefinitionRouteLocator |Loaded RoutePredicateFactory [Cookie]
2025-01-04 03:15:06 |INFO  |main |RouteDefinitionRouteLocator.java:88 |org.springframework.cloud.gateway.route.RouteDefinitionRouteLocator |Loaded RoutePredicateFactory [Header]
2025-01-04 03:15:06 |INFO  |main |RouteDefinitionRouteLocator.java:88 |org.springframework.cloud.gateway.route.RouteDefinitionRouteLocator |Loaded RoutePredicateFactory [Host]
2025-01-04 03:15:06 |INFO  |main |RouteDefinitionRouteLocator.java:88 |org.springframework.cloud.gateway.route.RouteDefinitionRouteLocator |Loaded RoutePredicateFactory [Method]
2025-01-04 03:15:06 |INFO  |main |RouteDefinitionRouteLocator.java:88 |org.springframework.cloud.gateway.route.RouteDefinitionRouteLocator |Loaded RoutePredicateFactory [Path]
2025-01-04 03:15:06 |INFO  |main |RouteDefinitionRouteLocator.java:88 |org.springframework.cloud.gateway.route.RouteDefinitionRouteLocator |Loaded RoutePredicateFactory [Query]
2025-01-04 03:15:06 |INFO  |main |RouteDefinitionRouteLocator.java:88 |org.springframework.cloud.gateway.route.RouteDefinitionRouteLocator |Loaded RoutePredicateFactory [ReadBody]
2025-01-04 03:15:06 |INFO  |main |RouteDefinitionRouteLocator.java:88 |org.springframework.cloud.gateway.route.RouteDefinitionRouteLocator |Loaded RoutePredicateFactory [RemoteAddr]
2025-01-04 03:15:06 |INFO  |main |RouteDefinitionRouteLocator.java:88 |org.springframework.cloud.gateway.route.RouteDefinitionRouteLocator |Loaded RoutePredicateFactory [XForwardedRemoteAddr]
2025-01-04 03:15:06 |INFO  |main |RouteDefinitionRouteLocator.java:88 |org.springframework.cloud.gateway.route.RouteDefinitionRouteLocator |Loaded RoutePredicateFactory [Weight]
2025-01-04 03:15:06 |INFO  |main |RouteDefinitionRouteLocator.java:88 |org.springframework.cloud.gateway.route.RouteDefinitionRouteLocator |Loaded RoutePredicateFactory [CloudFoundryRouteService]
2025-01-04 03:15:06 |INFO  |main |ReactiveUserDetailsServiceAutoConfiguration.java:88 |org.springframework.boot.autoconfigure.security.reactive.ReactiveUserDetailsServiceAutoConfiguration |

Using generated security password: 15dfef3b-93cf-48c1-9e34-345102763234

2025-01-04 03:15:07 |WARN  |pool-4-thread-1 |ZipkinAutoConfiguration.java:165 |org.springframework.cloud.sleuth.autoconfig.zipkin2.ZipkinAutoConfiguration |Check result of the [WebClientSender{http://localhost:9411/api/v2/spans}] contains an error [CheckResult{ok=false, error=org.springframework.web.reactive.function.client.WebClientRequestException: Connection refused: no further information: localhost/127.0.0.1:9411; nested exception is io.netty.channel.AbstractChannel$AnnotatedConnectException: Connection refused: no further information: localhost/127.0.0.1:9411}]
2025-01-04 03:15:07 |WARN  |main |LoadBalancerCacheAutoConfiguration.java:82 |org.springframework.cloud.loadbalancer.config.LoadBalancerCacheAutoConfiguration$LoadBalancerCaffeineWarnLogger |Spring Cloud LoadBalancer is currently working with the default cache. While this cache implementation is useful for development and tests, it's recommended to use Caffeine cache in production.You can switch to using Caffeine cache, by adding it and org.springframework.cache.caffeine.CaffeineCacheManager to the classpath.
2025-01-04 03:15:07 |INFO  |main |NettyWebServer.java:111 |org.springframework.boot.web.embedded.netty.NettyWebServer |Netty started on port 8200
2025-01-04 03:15:08 |INFO  |main |StartupInfoLogger.java:61 |ljl.bilibili.gateway.GateWayApplication |Started GateWayApplication in 5.411 seconds (JVM running for 6.138)
2025-01-04 03:40:05 |INFO  |Thread-3 |TimeBasedFilter.java:24 |ljl.bilibili.filter.TimeBasedFilter |






2025-01-04 03:40:05 |INFO  |Thread-3 |ZipkinAutoConfiguration.java:144 |org.springframework.cloud.sleuth.autoconfig.zipkin2.ZipkinAutoConfiguration |Flushing remaining spans on shutdown
2025-01-04 03:40:05 |INFO  |SpringApplicationShutdownHook |DruidDataSource.java:2063 |com.alibaba.druid.pool.DruidDataSource |{dataSource-0} closing ...
2025-01-04 14:18:04 |INFO  |background-preinit |Version.java:21 |org.hibernate.validator.internal.util.Version |HV000001: Hibernate Validator 6.2.4.Final
2025-01-04 14:18:04 |INFO  |main |StartupInfoLogger.java:55 |ljl.bilibili.gateway.GateWayApplication |Starting GateWayApplication using Java 17.0.13 on DESKTOP-JHA4ATL with PID 30776 (E:\YupiProjects\aigcbilibili-main\java\gateway\target\classes started by 欧阳健丽 in E:\YupiProjects\aigcbilibili-main)
2025-01-04 14:18:04 |INFO  |main |SpringApplication.java:651 |ljl.bilibili.gateway.GateWayApplication |The following 1 profile is active: "dev"
2025-01-04 14:18:07 |INFO  |main |RepositoryConfigurationDelegate.java:262 |org.springframework.data.repository.config.RepositoryConfigurationDelegate |Multiple Spring Data modules found, entering strict repository configuration mode
2025-01-04 14:18:07 |INFO  |main |RepositoryConfigurationDelegate.java:132 |org.springframework.data.repository.config.RepositoryConfigurationDelegate |Bootstrapping Spring Data Redis repositories in DEFAULT mode.
2025-01-04 14:18:07 |INFO  |main |RepositoryConfigurationDelegate.java:201 |org.springframework.data.repository.config.RepositoryConfigurationDelegate |Finished Spring Data repository scanning in 23 ms. Found 0 Redis repository interfaces.
2025-01-04 14:18:08 |INFO  |main |GenericScope.java:283 |org.springframework.cloud.context.scope.GenericScope |BeanFactory id=a668ac38-35d8-39df-a94a-35cd0ba158e2
2025-01-04 14:18:09 |INFO  |main |PostProcessorRegistrationDelegate.java:376 |org.springframework.context.support.PostProcessorRegistrationDelegate$BeanPostProcessorChecker |Bean 'org.springframework.cloud.client.loadbalancer.reactive.LoadBalancerBeanPostProcessorAutoConfiguration' of type [org.springframework.cloud.client.loadbalancer.reactive.LoadBalancerBeanPostProcessorAutoConfiguration] is not eligible for getting processed by all BeanPostProcessors (for example: not eligible for auto-proxying)
2025-01-04 14:18:09 |INFO  |main |PostProcessorRegistrationDelegate.java:376 |org.springframework.context.support.PostProcessorRegistrationDelegate$BeanPostProcessorChecker |Bean 'org.springframework.cloud.client.loadbalancer.reactive.LoadBalancerBeanPostProcessorAutoConfiguration$ReactorDeferringLoadBalancerFilterConfig' of type [org.springframework.cloud.client.loadbalancer.reactive.LoadBalancerBeanPostProcessorAutoConfiguration$ReactorDeferringLoadBalancerFilterConfig] is not eligible for getting processed by all BeanPostProcessors (for example: not eligible for auto-proxying)
2025-01-04 14:18:09 |INFO  |main |PostProcessorRegistrationDelegate.java:376 |org.springframework.context.support.PostProcessorRegistrationDelegate$BeanPostProcessorChecker |Bean 'reactorDeferringLoadBalancerExchangeFilterFunction' of type [org.springframework.cloud.client.loadbalancer.reactive.DeferringLoadBalancerExchangeFilterFunction] is not eligible for getting processed by all BeanPostProcessors (for example: not eligible for auto-proxying)
2025-01-04 14:18:11 |INFO  |main |MybatisPlusJoinAutoConfiguration.java:140 |com.github.yulichang.autoconfigure.MybatisPlusJoinAutoConfiguration |mybatis plus join properties config complete
2025-01-04 14:18:12 |INFO  |main |MybatisPlusJoinAutoConfiguration.java:140 |com.github.yulichang.autoconfigure.MybatisPlusJoinAutoConfiguration |mybatis plus join SqlInjector init
2025-01-04 14:18:16 |INFO  |main |RouteDefinitionRouteLocator.java:88 |org.springframework.cloud.gateway.route.RouteDefinitionRouteLocator |Loaded RoutePredicateFactory [After]
2025-01-04 14:18:16 |INFO  |main |RouteDefinitionRouteLocator.java:88 |org.springframework.cloud.gateway.route.RouteDefinitionRouteLocator |Loaded RoutePredicateFactory [Before]
2025-01-04 14:18:16 |INFO  |main |RouteDefinitionRouteLocator.java:88 |org.springframework.cloud.gateway.route.RouteDefinitionRouteLocator |Loaded RoutePredicateFactory [Between]
2025-01-04 14:18:16 |INFO  |main |RouteDefinitionRouteLocator.java:88 |org.springframework.cloud.gateway.route.RouteDefinitionRouteLocator |Loaded RoutePredicateFactory [Cookie]
2025-01-04 14:18:16 |INFO  |main |RouteDefinitionRouteLocator.java:88 |org.springframework.cloud.gateway.route.RouteDefinitionRouteLocator |Loaded RoutePredicateFactory [Header]
2025-01-04 14:18:16 |INFO  |main |RouteDefinitionRouteLocator.java:88 |org.springframework.cloud.gateway.route.RouteDefinitionRouteLocator |Loaded RoutePredicateFactory [Host]
2025-01-04 14:18:16 |INFO  |main |RouteDefinitionRouteLocator.java:88 |org.springframework.cloud.gateway.route.RouteDefinitionRouteLocator |Loaded RoutePredicateFactory [Method]
2025-01-04 14:18:16 |INFO  |main |RouteDefinitionRouteLocator.java:88 |org.springframework.cloud.gateway.route.RouteDefinitionRouteLocator |Loaded RoutePredicateFactory [Path]
2025-01-04 14:18:16 |INFO  |main |RouteDefinitionRouteLocator.java:88 |org.springframework.cloud.gateway.route.RouteDefinitionRouteLocator |Loaded RoutePredicateFactory [Query]
2025-01-04 14:18:16 |INFO  |main |RouteDefinitionRouteLocator.java:88 |org.springframework.cloud.gateway.route.RouteDefinitionRouteLocator |Loaded RoutePredicateFactory [ReadBody]
2025-01-04 14:18:16 |INFO  |main |RouteDefinitionRouteLocator.java:88 |org.springframework.cloud.gateway.route.RouteDefinitionRouteLocator |Loaded RoutePredicateFactory [RemoteAddr]
2025-01-04 14:18:16 |INFO  |main |RouteDefinitionRouteLocator.java:88 |org.springframework.cloud.gateway.route.RouteDefinitionRouteLocator |Loaded RoutePredicateFactory [XForwardedRemoteAddr]
2025-01-04 14:18:16 |INFO  |main |RouteDefinitionRouteLocator.java:88 |org.springframework.cloud.gateway.route.RouteDefinitionRouteLocator |Loaded RoutePredicateFactory [Weight]
2025-01-04 14:18:16 |INFO  |main |RouteDefinitionRouteLocator.java:88 |org.springframework.cloud.gateway.route.RouteDefinitionRouteLocator |Loaded RoutePredicateFactory [CloudFoundryRouteService]
2025-01-04 14:18:17 |INFO  |main |ReactiveUserDetailsServiceAutoConfiguration.java:88 |org.springframework.boot.autoconfigure.security.reactive.ReactiveUserDetailsServiceAutoConfiguration |

Using generated security password: 85879d5a-6a62-4f7b-8907-03bb797f527a

2025-01-04 14:18:18 |WARN  |pool-4-thread-1 |ZipkinAutoConfiguration.java:165 |org.springframework.cloud.sleuth.autoconfig.zipkin2.ZipkinAutoConfiguration |Check result of the [WebClientSender{http://localhost:9411/api/v2/spans}] contains an error [CheckResult{ok=false, error=org.springframework.web.reactive.function.client.WebClientRequestException: Connection refused: no further information: localhost/127.0.0.1:9411; nested exception is io.netty.channel.AbstractChannel$AnnotatedConnectException: Connection refused: no further information: localhost/127.0.0.1:9411}]
2025-01-04 14:18:20 |WARN  |main |LoadBalancerCacheAutoConfiguration.java:82 |org.springframework.cloud.loadbalancer.config.LoadBalancerCacheAutoConfiguration$LoadBalancerCaffeineWarnLogger |Spring Cloud LoadBalancer is currently working with the default cache. While this cache implementation is useful for development and tests, it's recommended to use Caffeine cache in production.You can switch to using Caffeine cache, by adding it and org.springframework.cache.caffeine.CaffeineCacheManager to the classpath.
2025-01-04 14:18:22 |INFO  |main |NettyWebServer.java:111 |org.springframework.boot.web.embedded.netty.NettyWebServer |Netty started on port 8200
2025-01-04 14:18:24 |INFO  |main |StartupInfoLogger.java:61 |ljl.bilibili.gateway.GateWayApplication |Started GateWayApplication in 22.591 seconds (JVM running for 24.649)
2025-01-04 20:27:42 |INFO  |background-preinit |Version.java:21 |org.hibernate.validator.internal.util.Version |HV000001: Hibernate Validator 6.2.4.Final
2025-01-04 20:27:42 |INFO  |main |StartupInfoLogger.java:55 |ljl.bilibili.gateway.GateWayApplication |Starting GateWayApplication using Java 17.0.13 on DESKTOP-JHA4ATL with PID 17284 (E:\YupiProjects\aigcbilibili-main\java\gateway\target\classes started by 欧阳健丽 in E:\YupiProjects\aigcbilibili-main)
2025-01-04 20:27:42 |INFO  |main |SpringApplication.java:651 |ljl.bilibili.gateway.GateWayApplication |The following 1 profile is active: "dev"
2025-01-04 20:27:43 |INFO  |main |RepositoryConfigurationDelegate.java:262 |org.springframework.data.repository.config.RepositoryConfigurationDelegate |Multiple Spring Data modules found, entering strict repository configuration mode
2025-01-04 20:27:43 |INFO  |main |RepositoryConfigurationDelegate.java:132 |org.springframework.data.repository.config.RepositoryConfigurationDelegate |Bootstrapping Spring Data Redis repositories in DEFAULT mode.
2025-01-04 20:27:44 |INFO  |main |RepositoryConfigurationDelegate.java:201 |org.springframework.data.repository.config.RepositoryConfigurationDelegate |Finished Spring Data repository scanning in 16 ms. Found 0 Redis repository interfaces.
2025-01-04 20:27:44 |INFO  |main |GenericScope.java:283 |org.springframework.cloud.context.scope.GenericScope |BeanFactory id=a668ac38-35d8-39df-a94a-35cd0ba158e2
2025-01-04 20:27:45 |INFO  |main |PostProcessorRegistrationDelegate.java:376 |org.springframework.context.support.PostProcessorRegistrationDelegate$BeanPostProcessorChecker |Bean 'org.springframework.cloud.client.loadbalancer.reactive.LoadBalancerBeanPostProcessorAutoConfiguration' of type [org.springframework.cloud.client.loadbalancer.reactive.LoadBalancerBeanPostProcessorAutoConfiguration] is not eligible for getting processed by all BeanPostProcessors (for example: not eligible for auto-proxying)
2025-01-04 20:27:45 |INFO  |main |PostProcessorRegistrationDelegate.java:376 |org.springframework.context.support.PostProcessorRegistrationDelegate$BeanPostProcessorChecker |Bean 'org.springframework.cloud.client.loadbalancer.reactive.LoadBalancerBeanPostProcessorAutoConfiguration$ReactorDeferringLoadBalancerFilterConfig' of type [org.springframework.cloud.client.loadbalancer.reactive.LoadBalancerBeanPostProcessorAutoConfiguration$ReactorDeferringLoadBalancerFilterConfig] is not eligible for getting processed by all BeanPostProcessors (for example: not eligible for auto-proxying)
2025-01-04 20:27:45 |INFO  |main |PostProcessorRegistrationDelegate.java:376 |org.springframework.context.support.PostProcessorRegistrationDelegate$BeanPostProcessorChecker |Bean 'reactorDeferringLoadBalancerExchangeFilterFunction' of type [org.springframework.cloud.client.loadbalancer.reactive.DeferringLoadBalancerExchangeFilterFunction] is not eligible for getting processed by all BeanPostProcessors (for example: not eligible for auto-proxying)
2025-01-04 20:27:46 |INFO  |main |MybatisPlusJoinAutoConfiguration.java:140 |com.github.yulichang.autoconfigure.MybatisPlusJoinAutoConfiguration |mybatis plus join properties config complete
2025-01-04 20:27:46 |INFO  |main |MybatisPlusJoinAutoConfiguration.java:140 |com.github.yulichang.autoconfigure.MybatisPlusJoinAutoConfiguration |mybatis plus join SqlInjector init
2025-01-04 20:27:49 |INFO  |main |RouteDefinitionRouteLocator.java:88 |org.springframework.cloud.gateway.route.RouteDefinitionRouteLocator |Loaded RoutePredicateFactory [After]
2025-01-04 20:27:49 |INFO  |main |RouteDefinitionRouteLocator.java:88 |org.springframework.cloud.gateway.route.RouteDefinitionRouteLocator |Loaded RoutePredicateFactory [Before]
2025-01-04 20:27:49 |INFO  |main |RouteDefinitionRouteLocator.java:88 |org.springframework.cloud.gateway.route.RouteDefinitionRouteLocator |Loaded RoutePredicateFactory [Between]
2025-01-04 20:27:49 |INFO  |main |RouteDefinitionRouteLocator.java:88 |org.springframework.cloud.gateway.route.RouteDefinitionRouteLocator |Loaded RoutePredicateFactory [Cookie]
2025-01-04 20:27:49 |INFO  |main |RouteDefinitionRouteLocator.java:88 |org.springframework.cloud.gateway.route.RouteDefinitionRouteLocator |Loaded RoutePredicateFactory [Header]
2025-01-04 20:27:49 |INFO  |main |RouteDefinitionRouteLocator.java:88 |org.springframework.cloud.gateway.route.RouteDefinitionRouteLocator |Loaded RoutePredicateFactory [Host]
2025-01-04 20:27:49 |INFO  |main |RouteDefinitionRouteLocator.java:88 |org.springframework.cloud.gateway.route.RouteDefinitionRouteLocator |Loaded RoutePredicateFactory [Method]
2025-01-04 20:27:49 |INFO  |main |RouteDefinitionRouteLocator.java:88 |org.springframework.cloud.gateway.route.RouteDefinitionRouteLocator |Loaded RoutePredicateFactory [Path]
2025-01-04 20:27:49 |INFO  |main |RouteDefinitionRouteLocator.java:88 |org.springframework.cloud.gateway.route.RouteDefinitionRouteLocator |Loaded RoutePredicateFactory [Query]
2025-01-04 20:27:49 |INFO  |main |RouteDefinitionRouteLocator.java:88 |org.springframework.cloud.gateway.route.RouteDefinitionRouteLocator |Loaded RoutePredicateFactory [ReadBody]
2025-01-04 20:27:49 |INFO  |main |RouteDefinitionRouteLocator.java:88 |org.springframework.cloud.gateway.route.RouteDefinitionRouteLocator |Loaded RoutePredicateFactory [RemoteAddr]
2025-01-04 20:27:49 |INFO  |main |RouteDefinitionRouteLocator.java:88 |org.springframework.cloud.gateway.route.RouteDefinitionRouteLocator |Loaded RoutePredicateFactory [XForwardedRemoteAddr]
2025-01-04 20:27:49 |INFO  |main |RouteDefinitionRouteLocator.java:88 |org.springframework.cloud.gateway.route.RouteDefinitionRouteLocator |Loaded RoutePredicateFactory [Weight]
2025-01-04 20:27:49 |INFO  |main |RouteDefinitionRouteLocator.java:88 |org.springframework.cloud.gateway.route.RouteDefinitionRouteLocator |Loaded RoutePredicateFactory [CloudFoundryRouteService]
2025-01-04 20:27:50 |INFO  |main |ReactiveUserDetailsServiceAutoConfiguration.java:88 |org.springframework.boot.autoconfigure.security.reactive.ReactiveUserDetailsServiceAutoConfiguration |

Using generated security password: 04dc9a6e-a612-49ec-8210-386147ae6abd

2025-01-04 20:27:50 |WARN  |pool-4-thread-1 |ZipkinAutoConfiguration.java:165 |org.springframework.cloud.sleuth.autoconfig.zipkin2.ZipkinAutoConfiguration |Check result of the [WebClientSender{http://localhost:9411/api/v2/spans}] contains an error [CheckResult{ok=false, error=org.springframework.web.reactive.function.client.WebClientRequestException: Connection refused: no further information: localhost/127.0.0.1:9411; nested exception is io.netty.channel.AbstractChannel$AnnotatedConnectException: Connection refused: no further information: localhost/127.0.0.1:9411}]
2025-01-04 20:27:51 |WARN  |main |LoadBalancerCacheAutoConfiguration.java:82 |org.springframework.cloud.loadbalancer.config.LoadBalancerCacheAutoConfiguration$LoadBalancerCaffeineWarnLogger |Spring Cloud LoadBalancer is currently working with the default cache. While this cache implementation is useful for development and tests, it's recommended to use Caffeine cache in production.You can switch to using Caffeine cache, by adding it and org.springframework.cache.caffeine.CaffeineCacheManager to the classpath.
2025-01-04 20:27:53 |INFO  |main |NettyWebServer.java:111 |org.springframework.boot.web.embedded.netty.NettyWebServer |Netty started on port 8200
2025-01-04 20:27:54 |INFO  |main |StartupInfoLogger.java:61 |ljl.bilibili.gateway.GateWayApplication |Started GateWayApplication in 13.2 seconds (JVM running for 14.212)
