2025-01-03 00:01:43 |INFO  |main |TimeBasedFilter.java:24 |ljl.bilibili.filter.TimeBasedFilter |






2025-01-03 00:06:43 |INFO  |main |TimeBasedFilter.java:24 |ljl.bilibili.filter.TimeBasedFilter |






2025-01-03 00:11:44 |INFO  |main |TimeBasedFilter.java:24 |ljl.bilibili.filter.TimeBasedFilter |






2025-01-03 14:30:49 |INFO  |main |StartupInfoLogger.java:55 |ljl.bilibili.search.SearchApplication |Starting SearchApplication using Java 17.0.13 on DESKTOP-JHA4ATL with PID 30408 (E:\YupiProjects\aigcbilibili-main\java\search\target\classes started by 欧阳健丽 in E:\YupiProjects\aigcbilibili-main)
2025-01-03 14:30:49 |INFO  |main |SpringApplication.java:645 |ljl.bilibili.search.SearchApplication |No active profile set, falling back to 1 default profile: "default"
2025-01-03 14:30:50 |INFO  |main |RepositoryConfigurationDelegate.java:262 |org.springframework.data.repository.config.RepositoryConfigurationDelegate |Multiple Spring Data modules found, entering strict repository configuration mode
2025-01-03 14:30:50 |INFO  |main |RepositoryConfigurationDelegate.java:132 |org.springframework.data.repository.config.RepositoryConfigurationDelegate |Bootstrapping Spring Data Elasticsearch repositories in DEFAULT mode.
2025-01-03 14:30:50 |INFO  |main |RepositoryConfigurationDelegate.java:201 |org.springframework.data.repository.config.RepositoryConfigurationDelegate |Finished Spring Data repository scanning in 9 ms. Found 0 Elasticsearch repository interfaces.
2025-01-03 14:30:50 |INFO  |main |RepositoryConfigurationDelegate.java:262 |org.springframework.data.repository.config.RepositoryConfigurationDelegate |Multiple Spring Data modules found, entering strict repository configuration mode
2025-01-03 14:30:50 |INFO  |main |RepositoryConfigurationDelegate.java:132 |org.springframework.data.repository.config.RepositoryConfigurationDelegate |Bootstrapping Spring Data Reactive Elasticsearch repositories in DEFAULT mode.
2025-01-03 14:30:50 |INFO  |main |RepositoryConfigurationDelegate.java:201 |org.springframework.data.repository.config.RepositoryConfigurationDelegate |Finished Spring Data repository scanning in 3 ms. Found 0 Reactive Elasticsearch repository interfaces.
2025-01-03 14:30:50 |INFO  |main |RepositoryConfigurationDelegate.java:262 |org.springframework.data.repository.config.RepositoryConfigurationDelegate |Multiple Spring Data modules found, entering strict repository configuration mode
2025-01-03 14:30:50 |INFO  |main |RepositoryConfigurationDelegate.java:132 |org.springframework.data.repository.config.RepositoryConfigurationDelegate |Bootstrapping Spring Data Redis repositories in DEFAULT mode.
2025-01-03 14:30:50 |INFO  |main |RepositoryConfigurationDelegate.java:201 |org.springframework.data.repository.config.RepositoryConfigurationDelegate |Finished Spring Data repository scanning in 4 ms. Found 0 Redis repository interfaces.
2025-01-03 14:30:51 |INFO  |main |GenericScope.java:283 |org.springframework.cloud.context.scope.GenericScope |BeanFactory id=6aa78eba-6b58-3f67-93da-bfb781c8f110
2025-01-03 14:30:51 |INFO  |main |TomcatWebServer.java:108 |org.springframework.boot.web.embedded.tomcat.TomcatWebServer |Tomcat initialized with port(s): 8201 (http)
2025-01-03 14:30:51 |INFO  |main |DirectJDKLog.java:173 |org.apache.catalina.core.AprLifecycleListener |Loaded Apache Tomcat Native library [1.3.0] using APR version [1.7.4].
2025-01-03 14:30:51 |INFO  |main |DirectJDKLog.java:173 |org.apache.catalina.core.AprLifecycleListener |APR capabilities: IPv6 [true], sendfile [true], accept filters [false], random [true], UDS [true].
2025-01-03 14:30:51 |INFO  |main |DirectJDKLog.java:173 |org.apache.catalina.core.AprLifecycleListener |APR/OpenSSL configuration: useAprConnector [false], useOpenSSL [true]
2025-01-03 14:30:52 |INFO  |main |DirectJDKLog.java:173 |org.apache.catalina.core.AprLifecycleListener |OpenSSL successfully initialized [OpenSSL 3.0.13 30 Jan 2024]
2025-01-03 14:30:52 |INFO  |main |DirectJDKLog.java:173 |org.apache.coyote.http11.Http11NioProtocol |Initializing ProtocolHandler ["http-nio-8201"]
2025-01-03 14:30:52 |INFO  |main |DirectJDKLog.java:173 |org.apache.catalina.core.StandardService |Starting service [Tomcat]
2025-01-03 14:30:52 |INFO  |main |DirectJDKLog.java:173 |org.apache.catalina.core.StandardEngine |Starting Servlet engine: [Apache Tomcat/9.0.65]
2025-01-03 14:30:52 |INFO  |main |DirectJDKLog.java:173 |org.apache.catalina.core.ContainerBase.[Tomcat].[localhost].[/] |Initializing Spring embedded WebApplicationContext
2025-01-03 14:30:52 |INFO  |main |ServletWebServerApplicationContext.java:290 |org.springframework.boot.web.servlet.context.ServletWebServerApplicationContext |Root WebApplicationContext: initialization completed in 2867 ms
2025-01-03 14:30:53 |INFO  |main |ElasticsearchClientConfig.java:59 |ljl.bilibili.search.config.ElasticsearchClientConfig |Connecting Elasticsearch...
2025-01-03 14:35:53 |INFO  |main |TimeBasedFilter.java:24 |ljl.bilibili.filter.TimeBasedFilter |






2025-01-03 14:40:53 |INFO  |main |TimeBasedFilter.java:24 |ljl.bilibili.filter.TimeBasedFilter |






2025-01-03 14:45:54 |INFO  |main |TimeBasedFilter.java:24 |ljl.bilibili.filter.TimeBasedFilter |






2025-01-03 14:50:54 |INFO  |main |TimeBasedFilter.java:24 |ljl.bilibili.filter.TimeBasedFilter |






2025-01-03 14:55:54 |INFO  |main |TimeBasedFilter.java:24 |ljl.bilibili.filter.TimeBasedFilter |






2025-01-03 15:00:55 |INFO  |main |TimeBasedFilter.java:24 |ljl.bilibili.filter.TimeBasedFilter |






2025-01-03 15:05:55 |INFO  |main |TimeBasedFilter.java:24 |ljl.bilibili.filter.TimeBasedFilter |






2025-01-03 15:10:56 |INFO  |main |TimeBasedFilter.java:24 |ljl.bilibili.filter.TimeBasedFilter |






2025-01-03 18:25:49 |INFO  |main |TimeBasedFilter.java:24 |ljl.bilibili.filter.TimeBasedFilter |






2025-01-03 18:30:49 |INFO  |main |TimeBasedFilter.java:24 |ljl.bilibili.filter.TimeBasedFilter |






2025-01-03 18:35:49 |INFO  |main |TimeBasedFilter.java:24 |ljl.bilibili.filter.TimeBasedFilter |






2025-01-03 19:39:32 |INFO  |main |TimeBasedFilter.java:24 |ljl.bilibili.filter.TimeBasedFilter |






2025-01-03 19:44:32 |INFO  |main |TimeBasedFilter.java:24 |ljl.bilibili.filter.TimeBasedFilter |






2025-01-03 19:49:32 |INFO  |main |TimeBasedFilter.java:24 |ljl.bilibili.filter.TimeBasedFilter |






2025-01-03 19:54:33 |INFO  |main |TimeBasedFilter.java:24 |ljl.bilibili.filter.TimeBasedFilter |






2025-01-03 19:59:33 |INFO  |main |TimeBasedFilter.java:24 |ljl.bilibili.filter.TimeBasedFilter |






2025-01-03 20:04:34 |INFO  |main |TimeBasedFilter.java:24 |ljl.bilibili.filter.TimeBasedFilter |






2025-01-03 20:09:34 |INFO  |main |TimeBasedFilter.java:24 |ljl.bilibili.filter.TimeBasedFilter |






2025-01-03 20:14:34 |INFO  |main |TimeBasedFilter.java:24 |ljl.bilibili.filter.TimeBasedFilter |






2025-01-03 20:19:35 |INFO  |main |TimeBasedFilter.java:24 |ljl.bilibili.filter.TimeBasedFilter |






2025-01-03 20:24:35 |INFO  |main |TimeBasedFilter.java:24 |ljl.bilibili.filter.TimeBasedFilter |






2025-01-03 20:29:35 |INFO  |main |TimeBasedFilter.java:24 |ljl.bilibili.filter.TimeBasedFilter |






2025-01-03 20:34:36 |INFO  |main |TimeBasedFilter.java:24 |ljl.bilibili.filter.TimeBasedFilter |






2025-01-03 20:39:36 |INFO  |main |TimeBasedFilter.java:24 |ljl.bilibili.filter.TimeBasedFilter |






2025-01-03 20:44:36 |INFO  |main |TimeBasedFilter.java:24 |ljl.bilibili.filter.TimeBasedFilter |






2025-01-03 20:49:37 |INFO  |main |TimeBasedFilter.java:24 |ljl.bilibili.filter.TimeBasedFilter |






2025-01-03 20:54:37 |INFO  |main |TimeBasedFilter.java:24 |ljl.bilibili.filter.TimeBasedFilter |






2025-01-03 20:59:38 |INFO  |main |TimeBasedFilter.java:24 |ljl.bilibili.filter.TimeBasedFilter |






2025-01-03 21:04:38 |INFO  |main |TimeBasedFilter.java:24 |ljl.bilibili.filter.TimeBasedFilter |






2025-01-03 21:09:38 |INFO  |main |TimeBasedFilter.java:24 |ljl.bilibili.filter.TimeBasedFilter |






2025-01-03 21:14:39 |INFO  |main |TimeBasedFilter.java:24 |ljl.bilibili.filter.TimeBasedFilter |






2025-01-03 21:19:39 |INFO  |main |TimeBasedFilter.java:24 |ljl.bilibili.filter.TimeBasedFilter |






2025-01-03 21:24:40 |INFO  |main |TimeBasedFilter.java:24 |ljl.bilibili.filter.TimeBasedFilter |






2025-01-03 21:29:40 |INFO  |main |TimeBasedFilter.java:24 |ljl.bilibili.filter.TimeBasedFilter |






2025-01-03 21:34:40 |INFO  |main |TimeBasedFilter.java:24 |ljl.bilibili.filter.TimeBasedFilter |






2025-01-03 21:39:41 |INFO  |main |TimeBasedFilter.java:24 |ljl.bilibili.filter.TimeBasedFilter |






2025-01-03 21:44:41 |INFO  |main |TimeBasedFilter.java:24 |ljl.bilibili.filter.TimeBasedFilter |






2025-01-03 21:49:41 |INFO  |main |TimeBasedFilter.java:24 |ljl.bilibili.filter.TimeBasedFilter |






2025-01-03 21:54:42 |INFO  |main |TimeBasedFilter.java:24 |ljl.bilibili.filter.TimeBasedFilter |






2025-01-03 21:59:42 |INFO  |main |TimeBasedFilter.java:24 |ljl.bilibili.filter.TimeBasedFilter |






2025-01-03 22:04:43 |INFO  |main |TimeBasedFilter.java:24 |ljl.bilibili.filter.TimeBasedFilter |






2025-01-03 22:09:43 |INFO  |main |TimeBasedFilter.java:24 |ljl.bilibili.filter.TimeBasedFilter |






2025-01-03 22:14:43 |INFO  |main |TimeBasedFilter.java:24 |ljl.bilibili.filter.TimeBasedFilter |






2025-01-03 22:19:44 |INFO  |main |TimeBasedFilter.java:24 |ljl.bilibili.filter.TimeBasedFilter |






2025-01-03 22:24:44 |INFO  |main |TimeBasedFilter.java:24 |ljl.bilibili.filter.TimeBasedFilter |






2025-01-03 22:29:45 |INFO  |main |TimeBasedFilter.java:24 |ljl.bilibili.filter.TimeBasedFilter |






2025-01-03 22:34:45 |INFO  |main |TimeBasedFilter.java:24 |ljl.bilibili.filter.TimeBasedFilter |






2025-01-03 22:39:45 |INFO  |main |TimeBasedFilter.java:24 |ljl.bilibili.filter.TimeBasedFilter |






2025-01-03 22:44:46 |INFO  |main |TimeBasedFilter.java:24 |ljl.bilibili.filter.TimeBasedFilter |






2025-01-03 22:49:46 |INFO  |main |TimeBasedFilter.java:24 |ljl.bilibili.filter.TimeBasedFilter |






2025-01-03 22:54:46 |INFO  |main |TimeBasedFilter.java:24 |ljl.bilibili.filter.TimeBasedFilter |






2025-01-03 22:59:47 |INFO  |main |TimeBasedFilter.java:24 |ljl.bilibili.filter.TimeBasedFilter |






2025-01-03 23:04:47 |INFO  |main |TimeBasedFilter.java:24 |ljl.bilibili.filter.TimeBasedFilter |






2025-01-03 23:09:48 |INFO  |main |TimeBasedFilter.java:24 |ljl.bilibili.filter.TimeBasedFilter |






2025-01-03 23:12:38 |INFO  |main |ElasticsearchClientConfig.java:74 |ljl.bilibili.search.config.ElasticsearchClientConfig |Elasticsearch Connected!
2025-01-03 23:12:38 |INFO  |main |MybatisPlusJoinAutoConfiguration.java:140 |com.github.yulichang.autoconfigure.MybatisPlusJoinAutoConfiguration |mybatis plus join properties config complete
2025-01-03 23:12:39 |INFO  |main |MybatisPlusJoinAutoConfiguration.java:140 |com.github.yulichang.autoconfigure.MybatisPlusJoinAutoConfiguration |mybatis plus join SqlInjector init
2025-01-03 23:12:40 |INFO  |main |WebMvcPropertySourcedRequestMappingHandlerMapping.java:69 |springfox.documentation.spring.web.WebMvcPropertySourcedRequestMappingHandlerMapping |Mapped URL path [/v2/api-docs] onto method [springfox.documentation.swagger2.web.Swagger2ControllerWebMvc#getDocumentation(String, HttpServletRequest)]
2025-01-03 23:12:40 |INFO  |main |XxlJobConfig.java:46 |ljl.bilibili.search.config.XxlJobConfig |>>>>>>>>>>> xxl-job config init.
2025-01-03 23:12:41 |INFO  |main |XxlJobExecutor.java:183 |com.xxl.job.core.executor.XxlJobExecutor |>>>>>>>>>>> xxl-job register jobhandler success, name:mysqlToEs, jobHandler:com.xxl.job.core.handler.impl.MethodJobHandler@41cfcbb5[class ljl.bilibili.search.handler.MysqlToEsHandler#mysqlToEsHandler]
2025-01-03 23:12:41 |INFO  |main |DirectJDKLog.java:173 |org.apache.coyote.http11.Http11NioProtocol |Starting ProtocolHandler ["http-nio-8201"]
2025-01-03 23:12:41 |INFO  |main |TomcatWebServer.java:220 |org.springframework.boot.web.embedded.tomcat.TomcatWebServer |Tomcat started on port(s): 8201 (http) with context path ''
2025-01-03 23:12:42 |INFO  |main |DocumentationPluginsBootstrapper.java:93 |springfox.documentation.spring.web.plugins.DocumentationPluginsBootstrapper |Documentation plugins bootstrapped
2025-01-03 23:12:42 |INFO  |Thread-7 |EmbedServer.java:82 |com.xxl.job.core.server.EmbedServer |>>>>>>>>>>> xxl-job remoting server start success, nettype = class com.xxl.job.core.server.EmbedServer, port = 9916
2025-01-03 23:12:42 |INFO  |main |AbstractDocumentationPluginsBootstrapper.java:79 |springfox.documentation.spring.web.plugins.DocumentationPluginsBootstrapper |Found 1 custom documentation plugin(s)
2025-01-03 23:12:42 |INFO  |xxl-job, executor ExecutorRegistryThread |ExecutorRegistryThread.java:54 |com.xxl.job.core.thread.ExecutorRegistryThread |>>>>>>>>>>> xxl-job registry fail, registryParam:RegistryParam{registryGroup='EXECUTOR', registryKey='demo-service-impl', registryValue='http://192.168.242.5:9916/'}, registryResult:ReturnT [code=500, msg=xxl-job remoting error(Connection refused: no further information), for url : http://localhost:8080/xxl-job-admin/api/registry, content=null]
2025-01-03 23:12:42 |INFO  |main |ApiListingReferenceScanner.java:44 |springfox.documentation.spring.web.scanners.ApiListingReferenceScanner |Scanning for api listing references
2025-01-03 23:12:42 |INFO  |main |StartupInfoLogger.java:61 |ljl.bilibili.search.SearchApplication |Started SearchApplication in 31314.168 seconds (JVM running for 31315.462)
2025-01-03 23:13:12 |INFO  |xxl-job, executor ExecutorRegistryThread |ExecutorRegistryThread.java:54 |com.xxl.job.core.thread.ExecutorRegistryThread |>>>>>>>>>>> xxl-job registry fail, registryParam:RegistryParam{registryGroup='EXECUTOR', registryKey='demo-service-impl', registryValue='http://192.168.242.5:9916/'}, registryResult:ReturnT [code=500, msg=xxl-job remoting error(Connection refused: no further information), for url : http://localhost:8080/xxl-job-admin/api/registry, content=null]
2025-01-03 23:13:42 |INFO  |xxl-job, executor ExecutorRegistryThread |ExecutorRegistryThread.java:54 |com.xxl.job.core.thread.ExecutorRegistryThread |>>>>>>>>>>> xxl-job registry fail, registryParam:RegistryParam{registryGroup='EXECUTOR', registryKey='demo-service-impl', registryValue='http://192.168.242.5:9916/'}, registryResult:ReturnT [code=500, msg=xxl-job remoting error(Connection refused: no further information), for url : http://localhost:8080/xxl-job-admin/api/registry, content=null]
2025-01-03 23:14:12 |INFO  |xxl-job, executor ExecutorRegistryThread |ExecutorRegistryThread.java:54 |com.xxl.job.core.thread.ExecutorRegistryThread |>>>>>>>>>>> xxl-job registry fail, registryParam:RegistryParam{registryGroup='EXECUTOR', registryKey='demo-service-impl', registryValue='http://192.168.242.5:9916/'}, registryResult:ReturnT [code=500, msg=xxl-job remoting error(Connection refused: no further information), for url : http://localhost:8080/xxl-job-admin/api/registry, content=null]
2025-01-03 23:14:42 |INFO  |xxl-job, executor ExecutorRegistryThread |ExecutorRegistryThread.java:54 |com.xxl.job.core.thread.ExecutorRegistryThread |>>>>>>>>>>> xxl-job registry fail, registryParam:RegistryParam{registryGroup='EXECUTOR', registryKey='demo-service-impl', registryValue='http://192.168.242.5:9916/'}, registryResult:ReturnT [code=500, msg=xxl-job remoting error(Connection refused: no further information), for url : http://localhost:8080/xxl-job-admin/api/registry, content=null]
2025-01-03 23:15:12 |INFO  |xxl-job, executor ExecutorRegistryThread |TimeBasedFilter.java:24 |ljl.bilibili.filter.TimeBasedFilter |






2025-01-03 23:15:12 |INFO  |xxl-job, executor ExecutorRegistryThread |ExecutorRegistryThread.java:54 |com.xxl.job.core.thread.ExecutorRegistryThread |>>>>>>>>>>> xxl-job registry fail, registryParam:RegistryParam{registryGroup='EXECUTOR', registryKey='demo-service-impl', registryValue='http://192.168.242.5:9916/'}, registryResult:ReturnT [code=500, msg=xxl-job remoting error(Connection refused: no further information), for url : http://localhost:8080/xxl-job-admin/api/registry, content=null]
2025-01-03 23:15:42 |INFO  |xxl-job, executor ExecutorRegistryThread |ExecutorRegistryThread.java:54 |com.xxl.job.core.thread.ExecutorRegistryThread |>>>>>>>>>>> xxl-job registry fail, registryParam:RegistryParam{registryGroup='EXECUTOR', registryKey='demo-service-impl', registryValue='http://192.168.242.5:9916/'}, registryResult:ReturnT [code=500, msg=xxl-job remoting error(Connection refused: no further information), for url : http://localhost:8080/xxl-job-admin/api/registry, content=null]
2025-01-03 23:16:12 |INFO  |xxl-job, executor ExecutorRegistryThread |ExecutorRegistryThread.java:54 |com.xxl.job.core.thread.ExecutorRegistryThread |>>>>>>>>>>> xxl-job registry fail, registryParam:RegistryParam{registryGroup='EXECUTOR', registryKey='demo-service-impl', registryValue='http://192.168.242.5:9916/'}, registryResult:ReturnT [code=500, msg=xxl-job remoting error(Connection refused: no further information), for url : http://localhost:8080/xxl-job-admin/api/registry, content=null]
2025-01-03 23:16:42 |INFO  |xxl-job, executor ExecutorRegistryThread |ExecutorRegistryThread.java:54 |com.xxl.job.core.thread.ExecutorRegistryThread |>>>>>>>>>>> xxl-job registry fail, registryParam:RegistryParam{registryGroup='EXECUTOR', registryKey='demo-service-impl', registryValue='http://192.168.242.5:9916/'}, registryResult:ReturnT [code=500, msg=xxl-job remoting error(Connection refused: no further information), for url : http://localhost:8080/xxl-job-admin/api/registry, content=null]
2025-01-03 23:17:12 |INFO  |xxl-job, executor ExecutorRegistryThread |ExecutorRegistryThread.java:54 |com.xxl.job.core.thread.ExecutorRegistryThread |>>>>>>>>>>> xxl-job registry fail, registryParam:RegistryParam{registryGroup='EXECUTOR', registryKey='demo-service-impl', registryValue='http://192.168.242.5:9916/'}, registryResult:ReturnT [code=500, msg=xxl-job remoting error(Connection refused: no further information), for url : http://localhost:8080/xxl-job-admin/api/registry, content=null]
2025-01-03 23:17:42 |INFO  |xxl-job, executor ExecutorRegistryThread |ExecutorRegistryThread.java:54 |com.xxl.job.core.thread.ExecutorRegistryThread |>>>>>>>>>>> xxl-job registry fail, registryParam:RegistryParam{registryGroup='EXECUTOR', registryKey='demo-service-impl', registryValue='http://192.168.242.5:9916/'}, registryResult:ReturnT [code=500, msg=xxl-job remoting error(Connection refused: no further information), for url : http://localhost:8080/xxl-job-admin/api/registry, content=null]
2025-01-03 23:18:12 |INFO  |xxl-job, executor ExecutorRegistryThread |ExecutorRegistryThread.java:54 |com.xxl.job.core.thread.ExecutorRegistryThread |>>>>>>>>>>> xxl-job registry fail, registryParam:RegistryParam{registryGroup='EXECUTOR', registryKey='demo-service-impl', registryValue='http://192.168.242.5:9916/'}, registryResult:ReturnT [code=500, msg=xxl-job remoting error(Connection refused: no further information), for url : http://localhost:8080/xxl-job-admin/api/registry, content=null]
2025-01-03 23:18:42 |INFO  |xxl-job, executor ExecutorRegistryThread |ExecutorRegistryThread.java:54 |com.xxl.job.core.thread.ExecutorRegistryThread |>>>>>>>>>>> xxl-job registry fail, registryParam:RegistryParam{registryGroup='EXECUTOR', registryKey='demo-service-impl', registryValue='http://192.168.242.5:9916/'}, registryResult:ReturnT [code=500, msg=xxl-job remoting error(Connection refused: no further information), for url : http://localhost:8080/xxl-job-admin/api/registry, content=null]
2025-01-03 23:19:12 |INFO  |xxl-job, executor ExecutorRegistryThread |ExecutorRegistryThread.java:54 |com.xxl.job.core.thread.ExecutorRegistryThread |>>>>>>>>>>> xxl-job registry fail, registryParam:RegistryParam{registryGroup='EXECUTOR', registryKey='demo-service-impl', registryValue='http://192.168.242.5:9916/'}, registryResult:ReturnT [code=500, msg=xxl-job remoting error(Connection refused: no further information), for url : http://localhost:8080/xxl-job-admin/api/registry, content=null]
2025-01-03 23:19:42 |INFO  |xxl-job, executor ExecutorRegistryThread |ExecutorRegistryThread.java:54 |com.xxl.job.core.thread.ExecutorRegistryThread |>>>>>>>>>>> xxl-job registry fail, registryParam:RegistryParam{registryGroup='EXECUTOR', registryKey='demo-service-impl', registryValue='http://192.168.242.5:9916/'}, registryResult:ReturnT [code=500, msg=xxl-job remoting error(Connection refused: no further information), for url : http://localhost:8080/xxl-job-admin/api/registry, content=null]
2025-01-03 23:20:12 |INFO  |xxl-job, executor ExecutorRegistryThread |TimeBasedFilter.java:24 |ljl.bilibili.filter.TimeBasedFilter |






2025-01-03 23:20:12 |INFO  |xxl-job, executor ExecutorRegistryThread |ExecutorRegistryThread.java:54 |com.xxl.job.core.thread.ExecutorRegistryThread |>>>>>>>>>>> xxl-job registry fail, registryParam:RegistryParam{registryGroup='EXECUTOR', registryKey='demo-service-impl', registryValue='http://192.168.242.5:9916/'}, registryResult:ReturnT [code=500, msg=xxl-job remoting error(Connection refused: no further information), for url : http://localhost:8080/xxl-job-admin/api/registry, content=null]
2025-01-03 23:20:42 |INFO  |xxl-job, executor ExecutorRegistryThread |ExecutorRegistryThread.java:54 |com.xxl.job.core.thread.ExecutorRegistryThread |>>>>>>>>>>> xxl-job registry fail, registryParam:RegistryParam{registryGroup='EXECUTOR', registryKey='demo-service-impl', registryValue='http://192.168.242.5:9916/'}, registryResult:ReturnT [code=500, msg=xxl-job remoting error(Connection refused: no further information), for url : http://localhost:8080/xxl-job-admin/api/registry, content=null]
2025-01-03 23:21:12 |INFO  |xxl-job, executor ExecutorRegistryThread |ExecutorRegistryThread.java:54 |com.xxl.job.core.thread.ExecutorRegistryThread |>>>>>>>>>>> xxl-job registry fail, registryParam:RegistryParam{registryGroup='EXECUTOR', registryKey='demo-service-impl', registryValue='http://192.168.242.5:9916/'}, registryResult:ReturnT [code=500, msg=xxl-job remoting error(Connection refused: no further information), for url : http://localhost:8080/xxl-job-admin/api/registry, content=null]
2025-01-03 23:21:42 |INFO  |xxl-job, executor ExecutorRegistryThread |ExecutorRegistryThread.java:54 |com.xxl.job.core.thread.ExecutorRegistryThread |>>>>>>>>>>> xxl-job registry fail, registryParam:RegistryParam{registryGroup='EXECUTOR', registryKey='demo-service-impl', registryValue='http://192.168.242.5:9916/'}, registryResult:ReturnT [code=500, msg=xxl-job remoting error(Connection refused: no further information), for url : http://localhost:8080/xxl-job-admin/api/registry, content=null]
2025-01-03 23:22:12 |INFO  |xxl-job, executor ExecutorRegistryThread |ExecutorRegistryThread.java:54 |com.xxl.job.core.thread.ExecutorRegistryThread |>>>>>>>>>>> xxl-job registry fail, registryParam:RegistryParam{registryGroup='EXECUTOR', registryKey='demo-service-impl', registryValue='http://192.168.242.5:9916/'}, registryResult:ReturnT [code=500, msg=xxl-job remoting error(Connection refused: no further information), for url : http://localhost:8080/xxl-job-admin/api/registry, content=null]
2025-01-03 23:22:42 |INFO  |xxl-job, executor ExecutorRegistryThread |ExecutorRegistryThread.java:54 |com.xxl.job.core.thread.ExecutorRegistryThread |>>>>>>>>>>> xxl-job registry fail, registryParam:RegistryParam{registryGroup='EXECUTOR', registryKey='demo-service-impl', registryValue='http://192.168.242.5:9916/'}, registryResult:ReturnT [code=500, msg=xxl-job remoting error(Connection refused: no further information), for url : http://localhost:8080/xxl-job-admin/api/registry, content=null]
2025-01-03 23:23:12 |INFO  |xxl-job, executor ExecutorRegistryThread |ExecutorRegistryThread.java:54 |com.xxl.job.core.thread.ExecutorRegistryThread |>>>>>>>>>>> xxl-job registry fail, registryParam:RegistryParam{registryGroup='EXECUTOR', registryKey='demo-service-impl', registryValue='http://192.168.242.5:9916/'}, registryResult:ReturnT [code=500, msg=xxl-job remoting error(Connection refused: no further information), for url : http://localhost:8080/xxl-job-admin/api/registry, content=null]
2025-01-03 23:23:42 |INFO  |xxl-job, executor ExecutorRegistryThread |ExecutorRegistryThread.java:54 |com.xxl.job.core.thread.ExecutorRegistryThread |>>>>>>>>>>> xxl-job registry fail, registryParam:RegistryParam{registryGroup='EXECUTOR', registryKey='demo-service-impl', registryValue='http://192.168.242.5:9916/'}, registryResult:ReturnT [code=500, msg=xxl-job remoting error(Connection refused: no further information), for url : http://localhost:8080/xxl-job-admin/api/registry, content=null]
2025-01-03 23:24:12 |INFO  |xxl-job, executor ExecutorRegistryThread |ExecutorRegistryThread.java:54 |com.xxl.job.core.thread.ExecutorRegistryThread |>>>>>>>>>>> xxl-job registry fail, registryParam:RegistryParam{registryGroup='EXECUTOR', registryKey='demo-service-impl', registryValue='http://192.168.242.5:9916/'}, registryResult:ReturnT [code=500, msg=xxl-job remoting error(Connection refused: no further information), for url : http://localhost:8080/xxl-job-admin/api/registry, content=null]
2025-01-03 23:24:42 |INFO  |xxl-job, executor ExecutorRegistryThread |ExecutorRegistryThread.java:54 |com.xxl.job.core.thread.ExecutorRegistryThread |>>>>>>>>>>> xxl-job registry fail, registryParam:RegistryParam{registryGroup='EXECUTOR', registryKey='demo-service-impl', registryValue='http://192.168.242.5:9916/'}, registryResult:ReturnT [code=500, msg=xxl-job remoting error(Connection refused: no further information), for url : http://localhost:8080/xxl-job-admin/api/registry, content=null]
2025-01-03 23:25:12 |INFO  |xxl-job, executor ExecutorRegistryThread |TimeBasedFilter.java:24 |ljl.bilibili.filter.TimeBasedFilter |






2025-01-03 23:25:12 |INFO  |xxl-job, executor ExecutorRegistryThread |ExecutorRegistryThread.java:54 |com.xxl.job.core.thread.ExecutorRegistryThread |>>>>>>>>>>> xxl-job registry fail, registryParam:RegistryParam{registryGroup='EXECUTOR', registryKey='demo-service-impl', registryValue='http://192.168.242.5:9916/'}, registryResult:ReturnT [code=500, msg=xxl-job remoting error(Connection refused: no further information), for url : http://localhost:8080/xxl-job-admin/api/registry, content=null]
2025-01-03 23:25:42 |INFO  |xxl-job, executor ExecutorRegistryThread |ExecutorRegistryThread.java:54 |com.xxl.job.core.thread.ExecutorRegistryThread |>>>>>>>>>>> xxl-job registry fail, registryParam:RegistryParam{registryGroup='EXECUTOR', registryKey='demo-service-impl', registryValue='http://192.168.242.5:9916/'}, registryResult:ReturnT [code=500, msg=xxl-job remoting error(Connection refused: no further information), for url : http://localhost:8080/xxl-job-admin/api/registry, content=null]
2025-01-03 23:26:12 |INFO  |xxl-job, executor ExecutorRegistryThread |ExecutorRegistryThread.java:54 |com.xxl.job.core.thread.ExecutorRegistryThread |>>>>>>>>>>> xxl-job registry fail, registryParam:RegistryParam{registryGroup='EXECUTOR', registryKey='demo-service-impl', registryValue='http://192.168.242.5:9916/'}, registryResult:ReturnT [code=500, msg=xxl-job remoting error(Connection refused: no further information), for url : http://localhost:8080/xxl-job-admin/api/registry, content=null]
2025-01-03 23:26:42 |INFO  |xxl-job, executor ExecutorRegistryThread |ExecutorRegistryThread.java:54 |com.xxl.job.core.thread.ExecutorRegistryThread |>>>>>>>>>>> xxl-job registry fail, registryParam:RegistryParam{registryGroup='EXECUTOR', registryKey='demo-service-impl', registryValue='http://192.168.242.5:9916/'}, registryResult:ReturnT [code=500, msg=xxl-job remoting error(Connection refused: no further information), for url : http://localhost:8080/xxl-job-admin/api/registry, content=null]
2025-01-03 23:27:12 |INFO  |xxl-job, executor ExecutorRegistryThread |ExecutorRegistryThread.java:54 |com.xxl.job.core.thread.ExecutorRegistryThread |>>>>>>>>>>> xxl-job registry fail, registryParam:RegistryParam{registryGroup='EXECUTOR', registryKey='demo-service-impl', registryValue='http://192.168.242.5:9916/'}, registryResult:ReturnT [code=500, msg=xxl-job remoting error(Connection refused: no further information), for url : http://localhost:8080/xxl-job-admin/api/registry, content=null]
2025-01-03 23:27:42 |INFO  |xxl-job, executor ExecutorRegistryThread |ExecutorRegistryThread.java:54 |com.xxl.job.core.thread.ExecutorRegistryThread |>>>>>>>>>>> xxl-job registry fail, registryParam:RegistryParam{registryGroup='EXECUTOR', registryKey='demo-service-impl', registryValue='http://192.168.242.5:9916/'}, registryResult:ReturnT [code=500, msg=xxl-job remoting error(Connection refused: no further information), for url : http://localhost:8080/xxl-job-admin/api/registry, content=null]
2025-01-03 23:28:12 |INFO  |xxl-job, executor ExecutorRegistryThread |ExecutorRegistryThread.java:54 |com.xxl.job.core.thread.ExecutorRegistryThread |>>>>>>>>>>> xxl-job registry fail, registryParam:RegistryParam{registryGroup='EXECUTOR', registryKey='demo-service-impl', registryValue='http://192.168.242.5:9916/'}, registryResult:ReturnT [code=500, msg=xxl-job remoting error(Connection refused: no further information), for url : http://localhost:8080/xxl-job-admin/api/registry, content=null]
2025-01-03 23:28:42 |INFO  |xxl-job, executor ExecutorRegistryThread |ExecutorRegistryThread.java:54 |com.xxl.job.core.thread.ExecutorRegistryThread |>>>>>>>>>>> xxl-job registry fail, registryParam:RegistryParam{registryGroup='EXECUTOR', registryKey='demo-service-impl', registryValue='http://192.168.242.5:9916/'}, registryResult:ReturnT [code=500, msg=xxl-job remoting error(Connection refused: no further information), for url : http://localhost:8080/xxl-job-admin/api/registry, content=null]
2025-01-03 23:29:12 |INFO  |xxl-job, executor ExecutorRegistryThread |ExecutorRegistryThread.java:54 |com.xxl.job.core.thread.ExecutorRegistryThread |>>>>>>>>>>> xxl-job registry fail, registryParam:RegistryParam{registryGroup='EXECUTOR', registryKey='demo-service-impl', registryValue='http://192.168.242.5:9916/'}, registryResult:ReturnT [code=500, msg=xxl-job remoting error(Connection refused: no further information), for url : http://localhost:8080/xxl-job-admin/api/registry, content=null]
2025-01-03 23:29:42 |INFO  |xxl-job, executor ExecutorRegistryThread |ExecutorRegistryThread.java:54 |com.xxl.job.core.thread.ExecutorRegistryThread |>>>>>>>>>>> xxl-job registry fail, registryParam:RegistryParam{registryGroup='EXECUTOR', registryKey='demo-service-impl', registryValue='http://192.168.242.5:9916/'}, registryResult:ReturnT [code=500, msg=xxl-job remoting error(Connection refused: no further information), for url : http://localhost:8080/xxl-job-admin/api/registry, content=null]
2025-01-03 23:30:12 |INFO  |xxl-job, executor ExecutorRegistryThread |TimeBasedFilter.java:24 |ljl.bilibili.filter.TimeBasedFilter |






2025-01-03 23:30:12 |INFO  |xxl-job, executor ExecutorRegistryThread |ExecutorRegistryThread.java:54 |com.xxl.job.core.thread.ExecutorRegistryThread |>>>>>>>>>>> xxl-job registry fail, registryParam:RegistryParam{registryGroup='EXECUTOR', registryKey='demo-service-impl', registryValue='http://192.168.242.5:9916/'}, registryResult:ReturnT [code=500, msg=xxl-job remoting error(Connection refused: no further information), for url : http://localhost:8080/xxl-job-admin/api/registry, content=null]
2025-01-03 23:30:42 |INFO  |xxl-job, executor ExecutorRegistryThread |ExecutorRegistryThread.java:54 |com.xxl.job.core.thread.ExecutorRegistryThread |>>>>>>>>>>> xxl-job registry fail, registryParam:RegistryParam{registryGroup='EXECUTOR', registryKey='demo-service-impl', registryValue='http://192.168.242.5:9916/'}, registryResult:ReturnT [code=500, msg=xxl-job remoting error(Connection refused: no further information), for url : http://localhost:8080/xxl-job-admin/api/registry, content=null]
2025-01-03 23:31:12 |INFO  |xxl-job, executor ExecutorRegistryThread |ExecutorRegistryThread.java:54 |com.xxl.job.core.thread.ExecutorRegistryThread |>>>>>>>>>>> xxl-job registry fail, registryParam:RegistryParam{registryGroup='EXECUTOR', registryKey='demo-service-impl', registryValue='http://192.168.242.5:9916/'}, registryResult:ReturnT [code=500, msg=xxl-job remoting error(Connection refused: no further information), for url : http://localhost:8080/xxl-job-admin/api/registry, content=null]
2025-01-03 23:31:42 |INFO  |xxl-job, executor ExecutorRegistryThread |ExecutorRegistryThread.java:54 |com.xxl.job.core.thread.ExecutorRegistryThread |>>>>>>>>>>> xxl-job registry fail, registryParam:RegistryParam{registryGroup='EXECUTOR', registryKey='demo-service-impl', registryValue='http://192.168.242.5:9916/'}, registryResult:ReturnT [code=500, msg=xxl-job remoting error(Connection refused: no further information), for url : http://localhost:8080/xxl-job-admin/api/registry, content=null]
2025-01-03 23:32:12 |INFO  |xxl-job, executor ExecutorRegistryThread |ExecutorRegistryThread.java:54 |com.xxl.job.core.thread.ExecutorRegistryThread |>>>>>>>>>>> xxl-job registry fail, registryParam:RegistryParam{registryGroup='EXECUTOR', registryKey='demo-service-impl', registryValue='http://192.168.242.5:9916/'}, registryResult:ReturnT [code=500, msg=xxl-job remoting error(Connection refused: no further information), for url : http://localhost:8080/xxl-job-admin/api/registry, content=null]
2025-01-03 23:32:42 |INFO  |xxl-job, executor ExecutorRegistryThread |ExecutorRegistryThread.java:54 |com.xxl.job.core.thread.ExecutorRegistryThread |>>>>>>>>>>> xxl-job registry fail, registryParam:RegistryParam{registryGroup='EXECUTOR', registryKey='demo-service-impl', registryValue='http://192.168.242.5:9916/'}, registryResult:ReturnT [code=500, msg=xxl-job remoting error(Connection refused: no further information), for url : http://localhost:8080/xxl-job-admin/api/registry, content=null]
2025-01-03 23:33:12 |INFO  |xxl-job, executor ExecutorRegistryThread |ExecutorRegistryThread.java:54 |com.xxl.job.core.thread.ExecutorRegistryThread |>>>>>>>>>>> xxl-job registry fail, registryParam:RegistryParam{registryGroup='EXECUTOR', registryKey='demo-service-impl', registryValue='http://192.168.242.5:9916/'}, registryResult:ReturnT [code=500, msg=xxl-job remoting error(Connection refused: no further information), for url : http://localhost:8080/xxl-job-admin/api/registry, content=null]
2025-01-03 23:33:42 |INFO  |xxl-job, executor ExecutorRegistryThread |ExecutorRegistryThread.java:54 |com.xxl.job.core.thread.ExecutorRegistryThread |>>>>>>>>>>> xxl-job registry fail, registryParam:RegistryParam{registryGroup='EXECUTOR', registryKey='demo-service-impl', registryValue='http://192.168.242.5:9916/'}, registryResult:ReturnT [code=500, msg=xxl-job remoting error(Connection refused: no further information), for url : http://localhost:8080/xxl-job-admin/api/registry, content=null]
2025-01-03 23:34:12 |INFO  |xxl-job, executor ExecutorRegistryThread |ExecutorRegistryThread.java:54 |com.xxl.job.core.thread.ExecutorRegistryThread |>>>>>>>>>>> xxl-job registry fail, registryParam:RegistryParam{registryGroup='EXECUTOR', registryKey='demo-service-impl', registryValue='http://192.168.242.5:9916/'}, registryResult:ReturnT [code=500, msg=xxl-job remoting error(Connection refused: no further information), for url : http://localhost:8080/xxl-job-admin/api/registry, content=null]
2025-01-03 23:34:42 |INFO  |xxl-job, executor ExecutorRegistryThread |ExecutorRegistryThread.java:54 |com.xxl.job.core.thread.ExecutorRegistryThread |>>>>>>>>>>> xxl-job registry fail, registryParam:RegistryParam{registryGroup='EXECUTOR', registryKey='demo-service-impl', registryValue='http://192.168.242.5:9916/'}, registryResult:ReturnT [code=500, msg=xxl-job remoting error(Connection refused: no further information), for url : http://localhost:8080/xxl-job-admin/api/registry, content=null]
2025-01-03 23:35:12 |INFO  |xxl-job, executor ExecutorRegistryThread |TimeBasedFilter.java:24 |ljl.bilibili.filter.TimeBasedFilter |






2025-01-03 23:35:12 |INFO  |xxl-job, executor ExecutorRegistryThread |ExecutorRegistryThread.java:54 |com.xxl.job.core.thread.ExecutorRegistryThread |>>>>>>>>>>> xxl-job registry fail, registryParam:RegistryParam{registryGroup='EXECUTOR', registryKey='demo-service-impl', registryValue='http://192.168.242.5:9916/'}, registryResult:ReturnT [code=500, msg=xxl-job remoting error(Connection refused: no further information), for url : http://localhost:8080/xxl-job-admin/api/registry, content=null]
2025-01-03 23:35:42 |INFO  |xxl-job, executor ExecutorRegistryThread |ExecutorRegistryThread.java:54 |com.xxl.job.core.thread.ExecutorRegistryThread |>>>>>>>>>>> xxl-job registry fail, registryParam:RegistryParam{registryGroup='EXECUTOR', registryKey='demo-service-impl', registryValue='http://192.168.242.5:9916/'}, registryResult:ReturnT [code=500, msg=xxl-job remoting error(Connection refused: no further information), for url : http://localhost:8080/xxl-job-admin/api/registry, content=null]
2025-01-03 23:36:12 |INFO  |xxl-job, executor ExecutorRegistryThread |ExecutorRegistryThread.java:54 |com.xxl.job.core.thread.ExecutorRegistryThread |>>>>>>>>>>> xxl-job registry fail, registryParam:RegistryParam{registryGroup='EXECUTOR', registryKey='demo-service-impl', registryValue='http://192.168.242.5:9916/'}, registryResult:ReturnT [code=500, msg=xxl-job remoting error(Connection refused: no further information), for url : http://localhost:8080/xxl-job-admin/api/registry, content=null]
2025-01-03 23:36:42 |INFO  |xxl-job, executor ExecutorRegistryThread |ExecutorRegistryThread.java:54 |com.xxl.job.core.thread.ExecutorRegistryThread |>>>>>>>>>>> xxl-job registry fail, registryParam:RegistryParam{registryGroup='EXECUTOR', registryKey='demo-service-impl', registryValue='http://192.168.242.5:9916/'}, registryResult:ReturnT [code=500, msg=xxl-job remoting error(Connection refused: no further information), for url : http://localhost:8080/xxl-job-admin/api/registry, content=null]
2025-01-03 23:37:12 |INFO  |xxl-job, executor ExecutorRegistryThread |ExecutorRegistryThread.java:54 |com.xxl.job.core.thread.ExecutorRegistryThread |>>>>>>>>>>> xxl-job registry fail, registryParam:RegistryParam{registryGroup='EXECUTOR', registryKey='demo-service-impl', registryValue='http://192.168.242.5:9916/'}, registryResult:ReturnT [code=500, msg=xxl-job remoting error(Connection refused: no further information), for url : http://localhost:8080/xxl-job-admin/api/registry, content=null]
2025-01-03 23:37:42 |INFO  |xxl-job, executor ExecutorRegistryThread |ExecutorRegistryThread.java:54 |com.xxl.job.core.thread.ExecutorRegistryThread |>>>>>>>>>>> xxl-job registry fail, registryParam:RegistryParam{registryGroup='EXECUTOR', registryKey='demo-service-impl', registryValue='http://192.168.242.5:9916/'}, registryResult:ReturnT [code=500, msg=xxl-job remoting error(Connection refused: no further information), for url : http://localhost:8080/xxl-job-admin/api/registry, content=null]
2025-01-03 23:38:12 |INFO  |xxl-job, executor ExecutorRegistryThread |ExecutorRegistryThread.java:54 |com.xxl.job.core.thread.ExecutorRegistryThread |>>>>>>>>>>> xxl-job registry fail, registryParam:RegistryParam{registryGroup='EXECUTOR', registryKey='demo-service-impl', registryValue='http://192.168.242.5:9916/'}, registryResult:ReturnT [code=500, msg=xxl-job remoting error(Connection refused: no further information), for url : http://localhost:8080/xxl-job-admin/api/registry, content=null]
2025-01-03 23:38:43 |INFO  |xxl-job, executor ExecutorRegistryThread |ExecutorRegistryThread.java:54 |com.xxl.job.core.thread.ExecutorRegistryThread |>>>>>>>>>>> xxl-job registry fail, registryParam:RegistryParam{registryGroup='EXECUTOR', registryKey='demo-service-impl', registryValue='http://192.168.242.5:9916/'}, registryResult:ReturnT [code=500, msg=xxl-job remoting error(Connection refused: no further information), for url : http://localhost:8080/xxl-job-admin/api/registry, content=null]
2025-01-03 23:39:13 |INFO  |xxl-job, executor ExecutorRegistryThread |ExecutorRegistryThread.java:54 |com.xxl.job.core.thread.ExecutorRegistryThread |>>>>>>>>>>> xxl-job registry fail, registryParam:RegistryParam{registryGroup='EXECUTOR', registryKey='demo-service-impl', registryValue='http://192.168.242.5:9916/'}, registryResult:ReturnT [code=500, msg=xxl-job remoting error(Connection refused: no further information), for url : http://localhost:8080/xxl-job-admin/api/registry, content=null]
2025-01-03 23:39:43 |INFO  |xxl-job, executor ExecutorRegistryThread |ExecutorRegistryThread.java:54 |com.xxl.job.core.thread.ExecutorRegistryThread |>>>>>>>>>>> xxl-job registry fail, registryParam:RegistryParam{registryGroup='EXECUTOR', registryKey='demo-service-impl', registryValue='http://192.168.242.5:9916/'}, registryResult:ReturnT [code=500, msg=xxl-job remoting error(Connection refused: no further information), for url : http://localhost:8080/xxl-job-admin/api/registry, content=null]
2025-01-03 23:40:13 |INFO  |xxl-job, executor ExecutorRegistryThread |TimeBasedFilter.java:24 |ljl.bilibili.filter.TimeBasedFilter |






2025-01-03 23:40:13 |INFO  |xxl-job, executor ExecutorRegistryThread |ExecutorRegistryThread.java:54 |com.xxl.job.core.thread.ExecutorRegistryThread |>>>>>>>>>>> xxl-job registry fail, registryParam:RegistryParam{registryGroup='EXECUTOR', registryKey='demo-service-impl', registryValue='http://192.168.242.5:9916/'}, registryResult:ReturnT [code=500, msg=xxl-job remoting error(Connection refused: no further information), for url : http://localhost:8080/xxl-job-admin/api/registry, content=null]
2025-01-03 23:40:43 |INFO  |xxl-job, executor ExecutorRegistryThread |ExecutorRegistryThread.java:54 |com.xxl.job.core.thread.ExecutorRegistryThread |>>>>>>>>>>> xxl-job registry fail, registryParam:RegistryParam{registryGroup='EXECUTOR', registryKey='demo-service-impl', registryValue='http://192.168.242.5:9916/'}, registryResult:ReturnT [code=500, msg=xxl-job remoting error(Connection refused: no further information), for url : http://localhost:8080/xxl-job-admin/api/registry, content=null]
2025-01-03 23:41:13 |INFO  |xxl-job, executor ExecutorRegistryThread |ExecutorRegistryThread.java:54 |com.xxl.job.core.thread.ExecutorRegistryThread |>>>>>>>>>>> xxl-job registry fail, registryParam:RegistryParam{registryGroup='EXECUTOR', registryKey='demo-service-impl', registryValue='http://192.168.242.5:9916/'}, registryResult:ReturnT [code=500, msg=xxl-job remoting error(Connection refused: no further information), for url : http://localhost:8080/xxl-job-admin/api/registry, content=null]
2025-01-03 23:41:43 |INFO  |xxl-job, executor ExecutorRegistryThread |ExecutorRegistryThread.java:54 |com.xxl.job.core.thread.ExecutorRegistryThread |>>>>>>>>>>> xxl-job registry fail, registryParam:RegistryParam{registryGroup='EXECUTOR', registryKey='demo-service-impl', registryValue='http://192.168.242.5:9916/'}, registryResult:ReturnT [code=500, msg=xxl-job remoting error(Connection refused: no further information), for url : http://localhost:8080/xxl-job-admin/api/registry, content=null]
2025-01-03 23:42:13 |INFO  |xxl-job, executor ExecutorRegistryThread |ExecutorRegistryThread.java:54 |com.xxl.job.core.thread.ExecutorRegistryThread |>>>>>>>>>>> xxl-job registry fail, registryParam:RegistryParam{registryGroup='EXECUTOR', registryKey='demo-service-impl', registryValue='http://192.168.242.5:9916/'}, registryResult:ReturnT [code=500, msg=xxl-job remoting error(Connection refused: no further information), for url : http://localhost:8080/xxl-job-admin/api/registry, content=null]
2025-01-03 23:42:43 |INFO  |xxl-job, executor ExecutorRegistryThread |ExecutorRegistryThread.java:54 |com.xxl.job.core.thread.ExecutorRegistryThread |>>>>>>>>>>> xxl-job registry fail, registryParam:RegistryParam{registryGroup='EXECUTOR', registryKey='demo-service-impl', registryValue='http://192.168.242.5:9916/'}, registryResult:ReturnT [code=500, msg=xxl-job remoting error(Connection refused: no further information), for url : http://localhost:8080/xxl-job-admin/api/registry, content=null]
2025-01-03 23:43:13 |INFO  |xxl-job, executor ExecutorRegistryThread |ExecutorRegistryThread.java:54 |com.xxl.job.core.thread.ExecutorRegistryThread |>>>>>>>>>>> xxl-job registry fail, registryParam:RegistryParam{registryGroup='EXECUTOR', registryKey='demo-service-impl', registryValue='http://192.168.242.5:9916/'}, registryResult:ReturnT [code=500, msg=xxl-job remoting error(Connection refused: no further information), for url : http://localhost:8080/xxl-job-admin/api/registry, content=null]
2025-01-03 23:43:43 |INFO  |xxl-job, executor ExecutorRegistryThread |ExecutorRegistryThread.java:54 |com.xxl.job.core.thread.ExecutorRegistryThread |>>>>>>>>>>> xxl-job registry fail, registryParam:RegistryParam{registryGroup='EXECUTOR', registryKey='demo-service-impl', registryValue='http://192.168.242.5:9916/'}, registryResult:ReturnT [code=500, msg=xxl-job remoting error(Connection refused: no further information), for url : http://localhost:8080/xxl-job-admin/api/registry, content=null]
2025-01-03 23:44:13 |INFO  |xxl-job, executor ExecutorRegistryThread |ExecutorRegistryThread.java:54 |com.xxl.job.core.thread.ExecutorRegistryThread |>>>>>>>>>>> xxl-job registry fail, registryParam:RegistryParam{registryGroup='EXECUTOR', registryKey='demo-service-impl', registryValue='http://192.168.242.5:9916/'}, registryResult:ReturnT [code=500, msg=xxl-job remoting error(Connection refused: no further information), for url : http://localhost:8080/xxl-job-admin/api/registry, content=null]
2025-01-03 23:44:43 |INFO  |xxl-job, executor ExecutorRegistryThread |ExecutorRegistryThread.java:54 |com.xxl.job.core.thread.ExecutorRegistryThread |>>>>>>>>>>> xxl-job registry fail, registryParam:RegistryParam{registryGroup='EXECUTOR', registryKey='demo-service-impl', registryValue='http://192.168.242.5:9916/'}, registryResult:ReturnT [code=500, msg=xxl-job remoting error(Connection refused: no further information), for url : http://localhost:8080/xxl-job-admin/api/registry, content=null]
2025-01-03 23:45:13 |INFO  |xxl-job, executor ExecutorRegistryThread |TimeBasedFilter.java:24 |ljl.bilibili.filter.TimeBasedFilter |






2025-01-03 23:45:13 |INFO  |xxl-job, executor ExecutorRegistryThread |ExecutorRegistryThread.java:54 |com.xxl.job.core.thread.ExecutorRegistryThread |>>>>>>>>>>> xxl-job registry fail, registryParam:RegistryParam{registryGroup='EXECUTOR', registryKey='demo-service-impl', registryValue='http://192.168.242.5:9916/'}, registryResult:ReturnT [code=500, msg=xxl-job remoting error(Connection refused: no further information), for url : http://localhost:8080/xxl-job-admin/api/registry, content=null]
2025-01-03 23:45:43 |INFO  |xxl-job, executor ExecutorRegistryThread |ExecutorRegistryThread.java:54 |com.xxl.job.core.thread.ExecutorRegistryThread |>>>>>>>>>>> xxl-job registry fail, registryParam:RegistryParam{registryGroup='EXECUTOR', registryKey='demo-service-impl', registryValue='http://192.168.242.5:9916/'}, registryResult:ReturnT [code=500, msg=xxl-job remoting error(Connection refused: no further information), for url : http://localhost:8080/xxl-job-admin/api/registry, content=null]
2025-01-03 23:46:13 |INFO  |xxl-job, executor ExecutorRegistryThread |ExecutorRegistryThread.java:54 |com.xxl.job.core.thread.ExecutorRegistryThread |>>>>>>>>>>> xxl-job registry fail, registryParam:RegistryParam{registryGroup='EXECUTOR', registryKey='demo-service-impl', registryValue='http://192.168.242.5:9916/'}, registryResult:ReturnT [code=500, msg=xxl-job remoting error(Connection refused: no further information), for url : http://localhost:8080/xxl-job-admin/api/registry, content=null]
2025-01-03 23:46:43 |INFO  |xxl-job, executor ExecutorRegistryThread |ExecutorRegistryThread.java:54 |com.xxl.job.core.thread.ExecutorRegistryThread |>>>>>>>>>>> xxl-job registry fail, registryParam:RegistryParam{registryGroup='EXECUTOR', registryKey='demo-service-impl', registryValue='http://192.168.242.5:9916/'}, registryResult:ReturnT [code=500, msg=xxl-job remoting error(Connection refused: no further information), for url : http://localhost:8080/xxl-job-admin/api/registry, content=null]
2025-01-03 23:47:13 |INFO  |xxl-job, executor ExecutorRegistryThread |ExecutorRegistryThread.java:54 |com.xxl.job.core.thread.ExecutorRegistryThread |>>>>>>>>>>> xxl-job registry fail, registryParam:RegistryParam{registryGroup='EXECUTOR', registryKey='demo-service-impl', registryValue='http://192.168.242.5:9916/'}, registryResult:ReturnT [code=500, msg=xxl-job remoting error(Connection refused: no further information), for url : http://localhost:8080/xxl-job-admin/api/registry, content=null]
2025-01-03 23:47:43 |INFO  |xxl-job, executor ExecutorRegistryThread |ExecutorRegistryThread.java:54 |com.xxl.job.core.thread.ExecutorRegistryThread |>>>>>>>>>>> xxl-job registry fail, registryParam:RegistryParam{registryGroup='EXECUTOR', registryKey='demo-service-impl', registryValue='http://192.168.242.5:9916/'}, registryResult:ReturnT [code=500, msg=xxl-job remoting error(Connection refused: no further information), for url : http://localhost:8080/xxl-job-admin/api/registry, content=null]
2025-01-03 23:48:13 |INFO  |xxl-job, executor ExecutorRegistryThread |ExecutorRegistryThread.java:54 |com.xxl.job.core.thread.ExecutorRegistryThread |>>>>>>>>>>> xxl-job registry fail, registryParam:RegistryParam{registryGroup='EXECUTOR', registryKey='demo-service-impl', registryValue='http://192.168.242.5:9916/'}, registryResult:ReturnT [code=500, msg=xxl-job remoting error(Connection refused: no further information), for url : http://localhost:8080/xxl-job-admin/api/registry, content=null]
2025-01-03 23:48:43 |INFO  |xxl-job, executor ExecutorRegistryThread |ExecutorRegistryThread.java:54 |com.xxl.job.core.thread.ExecutorRegistryThread |>>>>>>>>>>> xxl-job registry fail, registryParam:RegistryParam{registryGroup='EXECUTOR', registryKey='demo-service-impl', registryValue='http://192.168.242.5:9916/'}, registryResult:ReturnT [code=500, msg=xxl-job remoting error(Connection refused: no further information), for url : http://localhost:8080/xxl-job-admin/api/registry, content=null]
2025-01-03 23:49:13 |INFO  |xxl-job, executor ExecutorRegistryThread |ExecutorRegistryThread.java:54 |com.xxl.job.core.thread.ExecutorRegistryThread |>>>>>>>>>>> xxl-job registry fail, registryParam:RegistryParam{registryGroup='EXECUTOR', registryKey='demo-service-impl', registryValue='http://192.168.242.5:9916/'}, registryResult:ReturnT [code=500, msg=xxl-job remoting error(Connection refused: no further information), for url : http://localhost:8080/xxl-job-admin/api/registry, content=null]
2025-01-03 23:49:43 |INFO  |xxl-job, executor ExecutorRegistryThread |ExecutorRegistryThread.java:54 |com.xxl.job.core.thread.ExecutorRegistryThread |>>>>>>>>>>> xxl-job registry fail, registryParam:RegistryParam{registryGroup='EXECUTOR', registryKey='demo-service-impl', registryValue='http://192.168.242.5:9916/'}, registryResult:ReturnT [code=500, msg=xxl-job remoting error(Connection refused: no further information), for url : http://localhost:8080/xxl-job-admin/api/registry, content=null]
2025-01-03 23:50:13 |INFO  |xxl-job, executor ExecutorRegistryThread |TimeBasedFilter.java:24 |ljl.bilibili.filter.TimeBasedFilter |






2025-01-03 23:50:13 |INFO  |xxl-job, executor ExecutorRegistryThread |ExecutorRegistryThread.java:54 |com.xxl.job.core.thread.ExecutorRegistryThread |>>>>>>>>>>> xxl-job registry fail, registryParam:RegistryParam{registryGroup='EXECUTOR', registryKey='demo-service-impl', registryValue='http://192.168.242.5:9916/'}, registryResult:ReturnT [code=500, msg=xxl-job remoting error(Connection refused: no further information), for url : http://localhost:8080/xxl-job-admin/api/registry, content=null]
2025-01-03 23:50:43 |INFO  |xxl-job, executor ExecutorRegistryThread |ExecutorRegistryThread.java:54 |com.xxl.job.core.thread.ExecutorRegistryThread |>>>>>>>>>>> xxl-job registry fail, registryParam:RegistryParam{registryGroup='EXECUTOR', registryKey='demo-service-impl', registryValue='http://192.168.242.5:9916/'}, registryResult:ReturnT [code=500, msg=xxl-job remoting error(Connection refused: no further information), for url : http://localhost:8080/xxl-job-admin/api/registry, content=null]
2025-01-03 23:51:13 |INFO  |xxl-job, executor ExecutorRegistryThread |ExecutorRegistryThread.java:54 |com.xxl.job.core.thread.ExecutorRegistryThread |>>>>>>>>>>> xxl-job registry fail, registryParam:RegistryParam{registryGroup='EXECUTOR', registryKey='demo-service-impl', registryValue='http://192.168.242.5:9916/'}, registryResult:ReturnT [code=500, msg=xxl-job remoting error(Connection refused: no further information), for url : http://localhost:8080/xxl-job-admin/api/registry, content=null]
2025-01-03 23:51:43 |INFO  |xxl-job, executor ExecutorRegistryThread |ExecutorRegistryThread.java:54 |com.xxl.job.core.thread.ExecutorRegistryThread |>>>>>>>>>>> xxl-job registry fail, registryParam:RegistryParam{registryGroup='EXECUTOR', registryKey='demo-service-impl', registryValue='http://192.168.242.5:9916/'}, registryResult:ReturnT [code=500, msg=xxl-job remoting error(Connection refused: no further information), for url : http://localhost:8080/xxl-job-admin/api/registry, content=null]
2025-01-03 23:52:13 |INFO  |xxl-job, executor ExecutorRegistryThread |ExecutorRegistryThread.java:54 |com.xxl.job.core.thread.ExecutorRegistryThread |>>>>>>>>>>> xxl-job registry fail, registryParam:RegistryParam{registryGroup='EXECUTOR', registryKey='demo-service-impl', registryValue='http://192.168.242.5:9916/'}, registryResult:ReturnT [code=500, msg=xxl-job remoting error(Connection refused: no further information), for url : http://localhost:8080/xxl-job-admin/api/registry, content=null]
2025-01-03 23:52:43 |INFO  |xxl-job, executor ExecutorRegistryThread |ExecutorRegistryThread.java:54 |com.xxl.job.core.thread.ExecutorRegistryThread |>>>>>>>>>>> xxl-job registry fail, registryParam:RegistryParam{registryGroup='EXECUTOR', registryKey='demo-service-impl', registryValue='http://192.168.242.5:9916/'}, registryResult:ReturnT [code=500, msg=xxl-job remoting error(Connection refused: no further information), for url : http://localhost:8080/xxl-job-admin/api/registry, content=null]
2025-01-03 23:53:13 |INFO  |xxl-job, executor ExecutorRegistryThread |ExecutorRegistryThread.java:54 |com.xxl.job.core.thread.ExecutorRegistryThread |>>>>>>>>>>> xxl-job registry fail, registryParam:RegistryParam{registryGroup='EXECUTOR', registryKey='demo-service-impl', registryValue='http://192.168.242.5:9916/'}, registryResult:ReturnT [code=500, msg=xxl-job remoting error(Connection refused: no further information), for url : http://localhost:8080/xxl-job-admin/api/registry, content=null]
2025-01-03 23:53:43 |INFO  |xxl-job, executor ExecutorRegistryThread |ExecutorRegistryThread.java:54 |com.xxl.job.core.thread.ExecutorRegistryThread |>>>>>>>>>>> xxl-job registry fail, registryParam:RegistryParam{registryGroup='EXECUTOR', registryKey='demo-service-impl', registryValue='http://192.168.242.5:9916/'}, registryResult:ReturnT [code=500, msg=xxl-job remoting error(Connection refused: no further information), for url : http://localhost:8080/xxl-job-admin/api/registry, content=null]
2025-01-03 23:54:13 |INFO  |xxl-job, executor ExecutorRegistryThread |ExecutorRegistryThread.java:54 |com.xxl.job.core.thread.ExecutorRegistryThread |>>>>>>>>>>> xxl-job registry fail, registryParam:RegistryParam{registryGroup='EXECUTOR', registryKey='demo-service-impl', registryValue='http://192.168.242.5:9916/'}, registryResult:ReturnT [code=500, msg=xxl-job remoting error(Connection refused: no further information), for url : http://localhost:8080/xxl-job-admin/api/registry, content=null]
2025-01-03 23:54:43 |INFO  |xxl-job, executor ExecutorRegistryThread |ExecutorRegistryThread.java:54 |com.xxl.job.core.thread.ExecutorRegistryThread |>>>>>>>>>>> xxl-job registry fail, registryParam:RegistryParam{registryGroup='EXECUTOR', registryKey='demo-service-impl', registryValue='http://192.168.242.5:9916/'}, registryResult:ReturnT [code=500, msg=xxl-job remoting error(Connection refused: no further information), for url : http://localhost:8080/xxl-job-admin/api/registry, content=null]
2025-01-03 23:55:13 |INFO  |xxl-job, executor ExecutorRegistryThread |TimeBasedFilter.java:24 |ljl.bilibili.filter.TimeBasedFilter |






2025-01-03 23:55:13 |INFO  |xxl-job, executor ExecutorRegistryThread |ExecutorRegistryThread.java:54 |com.xxl.job.core.thread.ExecutorRegistryThread |>>>>>>>>>>> xxl-job registry fail, registryParam:RegistryParam{registryGroup='EXECUTOR', registryKey='demo-service-impl', registryValue='http://192.168.242.5:9916/'}, registryResult:ReturnT [code=500, msg=xxl-job remoting error(Connection refused: no further information), for url : http://localhost:8080/xxl-job-admin/api/registry, content=null]
2025-01-03 23:55:43 |INFO  |xxl-job, executor ExecutorRegistryThread |ExecutorRegistryThread.java:54 |com.xxl.job.core.thread.ExecutorRegistryThread |>>>>>>>>>>> xxl-job registry fail, registryParam:RegistryParam{registryGroup='EXECUTOR', registryKey='demo-service-impl', registryValue='http://192.168.242.5:9916/'}, registryResult:ReturnT [code=500, msg=xxl-job remoting error(Connection refused: no further information), for url : http://localhost:8080/xxl-job-admin/api/registry, content=null]
2025-01-03 23:56:13 |INFO  |xxl-job, executor ExecutorRegistryThread |ExecutorRegistryThread.java:54 |com.xxl.job.core.thread.ExecutorRegistryThread |>>>>>>>>>>> xxl-job registry fail, registryParam:RegistryParam{registryGroup='EXECUTOR', registryKey='demo-service-impl', registryValue='http://192.168.242.5:9916/'}, registryResult:ReturnT [code=500, msg=xxl-job remoting error(Connection refused: no further information), for url : http://localhost:8080/xxl-job-admin/api/registry, content=null]
2025-01-03 23:56:43 |INFO  |xxl-job, executor ExecutorRegistryThread |ExecutorRegistryThread.java:54 |com.xxl.job.core.thread.ExecutorRegistryThread |>>>>>>>>>>> xxl-job registry fail, registryParam:RegistryParam{registryGroup='EXECUTOR', registryKey='demo-service-impl', registryValue='http://192.168.242.5:9916/'}, registryResult:ReturnT [code=500, msg=xxl-job remoting error(Connection refused: no further information), for url : http://localhost:8080/xxl-job-admin/api/registry, content=null]
2025-01-03 23:57:13 |INFO  |xxl-job, executor ExecutorRegistryThread |ExecutorRegistryThread.java:54 |com.xxl.job.core.thread.ExecutorRegistryThread |>>>>>>>>>>> xxl-job registry fail, registryParam:RegistryParam{registryGroup='EXECUTOR', registryKey='demo-service-impl', registryValue='http://192.168.242.5:9916/'}, registryResult:ReturnT [code=500, msg=xxl-job remoting error(Connection refused: no further information), for url : http://localhost:8080/xxl-job-admin/api/registry, content=null]
2025-01-03 23:57:43 |INFO  |xxl-job, executor ExecutorRegistryThread |ExecutorRegistryThread.java:54 |com.xxl.job.core.thread.ExecutorRegistryThread |>>>>>>>>>>> xxl-job registry fail, registryParam:RegistryParam{registryGroup='EXECUTOR', registryKey='demo-service-impl', registryValue='http://192.168.242.5:9916/'}, registryResult:ReturnT [code=500, msg=xxl-job remoting error(Connection refused: no further information), for url : http://localhost:8080/xxl-job-admin/api/registry, content=null]
2025-01-03 23:58:13 |INFO  |xxl-job, executor ExecutorRegistryThread |ExecutorRegistryThread.java:54 |com.xxl.job.core.thread.ExecutorRegistryThread |>>>>>>>>>>> xxl-job registry fail, registryParam:RegistryParam{registryGroup='EXECUTOR', registryKey='demo-service-impl', registryValue='http://192.168.242.5:9916/'}, registryResult:ReturnT [code=500, msg=xxl-job remoting error(Connection refused: no further information), for url : http://localhost:8080/xxl-job-admin/api/registry, content=null]
2025-01-03 23:58:43 |INFO  |xxl-job, executor ExecutorRegistryThread |ExecutorRegistryThread.java:54 |com.xxl.job.core.thread.ExecutorRegistryThread |>>>>>>>>>>> xxl-job registry fail, registryParam:RegistryParam{registryGroup='EXECUTOR', registryKey='demo-service-impl', registryValue='http://192.168.242.5:9916/'}, registryResult:ReturnT [code=500, msg=xxl-job remoting error(Connection refused: no further information), for url : http://localhost:8080/xxl-job-admin/api/registry, content=null]
2025-01-03 23:59:13 |INFO  |xxl-job, executor ExecutorRegistryThread |ExecutorRegistryThread.java:54 |com.xxl.job.core.thread.ExecutorRegistryThread |>>>>>>>>>>> xxl-job registry fail, registryParam:RegistryParam{registryGroup='EXECUTOR', registryKey='demo-service-impl', registryValue='http://192.168.242.5:9916/'}, registryResult:ReturnT [code=500, msg=xxl-job remoting error(Connection refused: no further information), for url : http://localhost:8080/xxl-job-admin/api/registry, content=null]
2025-01-03 23:59:43 |INFO  |xxl-job, executor ExecutorRegistryThread |ExecutorRegistryThread.java:54 |com.xxl.job.core.thread.ExecutorRegistryThread |>>>>>>>>>>> xxl-job registry fail, registryParam:RegistryParam{registryGroup='EXECUTOR', registryKey='demo-service-impl', registryValue='http://192.168.242.5:9916/'}, registryResult:ReturnT [code=500, msg=xxl-job remoting error(Connection refused: no further information), for url : http://localhost:8080/xxl-job-admin/api/registry, content=null]
