2025-01-05 20:49:17 |INFO  |background-preinit |Version.java:21 |org.hibernate.validator.internal.util.Version |HV000001: Hibernate Validator 6.2.4.Final
2025-01-05 20:49:17 |INFO  |main |StartupInfoLogger.java:55 |ljl.bilibili.notice.MessageApplication |Starting MessageApplication using Java 17.0.13 on DESKTOP-JHA4ATL with PID 24884 (E:\YupiProjects\aigcbilibili-main\java\notice\target\classes started by 欧阳健丽 in E:\YupiProjects\aigcbilibili-main)
2025-01-05 20:49:17 |INFO  |main |SpringApplication.java:645 |ljl.bilibili.notice.MessageApplication |No active profile set, falling back to 1 default profile: "default"
2025-01-05 20:49:19 |INFO  |main |RepositoryConfigurationDelegate.java:262 |org.springframework.data.repository.config.RepositoryConfigurationDelegate |Multiple Spring Data modules found, entering strict repository configuration mode
2025-01-05 20:49:19 |INFO  |main |RepositoryConfigurationDelegate.java:132 |org.springframework.data.repository.config.RepositoryConfigurationDelegate |Bootstrapping Spring Data Redis repositories in DEFAULT mode.
2025-01-05 20:49:19 |INFO  |main |RepositoryConfigurationDelegate.java:201 |org.springframework.data.repository.config.RepositoryConfigurationDelegate |Finished Spring Data repository scanning in 16 ms. Found 0 Redis repository interfaces.
2025-01-05 20:49:19 |INFO  |main |GenericScope.java:283 |org.springframework.cloud.context.scope.GenericScope |BeanFactory id=2aeec7e4-681c-3f32-84b3-5b849d0116d0
2025-01-05 20:49:19 |INFO  |main |PostProcessorRegistrationDelegate.java:376 |org.springframework.context.support.PostProcessorRegistrationDelegate$BeanPostProcessorChecker |Bean 'org.apache.rocketmq.spring.autoconfigure.RocketMQAutoConfiguration' of type [org.apache.rocketmq.spring.autoconfigure.RocketMQAutoConfiguration$$EnhancerBySpringCGLIB$$68b25419] is not eligible for getting processed by all BeanPostProcessors (for example: not eligible for auto-proxying)
2025-01-05 20:49:19 |INFO  |main |PostProcessorRegistrationDelegate.java:376 |org.springframework.context.support.PostProcessorRegistrationDelegate$BeanPostProcessorChecker |Bean 'org.springframework.cloud.commons.config.CommonsConfigAutoConfiguration' of type [org.springframework.cloud.commons.config.CommonsConfigAutoConfiguration] is not eligible for getting processed by all BeanPostProcessors (for example: not eligible for auto-proxying)
2025-01-05 20:49:19 |INFO  |main |PostProcessorRegistrationDelegate.java:376 |org.springframework.context.support.PostProcessorRegistrationDelegate$BeanPostProcessorChecker |Bean 'org.springframework.cloud.client.loadbalancer.LoadBalancerDefaultMappingsProviderAutoConfiguration' of type [org.springframework.cloud.client.loadbalancer.LoadBalancerDefaultMappingsProviderAutoConfiguration] is not eligible for getting processed by all BeanPostProcessors (for example: not eligible for auto-proxying)
2025-01-05 20:49:19 |INFO  |main |PostProcessorRegistrationDelegate.java:376 |org.springframework.context.support.PostProcessorRegistrationDelegate$BeanPostProcessorChecker |Bean 'loadBalancerClientsDefaultsMappingsProvider' of type [org.springframework.cloud.client.loadbalancer.LoadBalancerDefaultMappingsProviderAutoConfiguration$$Lambda$567/0x000001f93f454ce8] is not eligible for getting processed by all BeanPostProcessors (for example: not eligible for auto-proxying)
2025-01-05 20:49:19 |INFO  |main |PostProcessorRegistrationDelegate.java:376 |org.springframework.context.support.PostProcessorRegistrationDelegate$BeanPostProcessorChecker |Bean 'defaultsBindHandlerAdvisor' of type [org.springframework.cloud.commons.config.DefaultsBindHandlerAdvisor] is not eligible for getting processed by all BeanPostProcessors (for example: not eligible for auto-proxying)
2025-01-05 20:49:19 |INFO  |main |PostProcessorRegistrationDelegate.java:376 |org.springframework.context.support.PostProcessorRegistrationDelegate$BeanPostProcessorChecker |Bean 'rocketmq-org.apache.rocketmq.spring.autoconfigure.RocketMQProperties' of type [org.apache.rocketmq.spring.autoconfigure.RocketMQProperties] is not eligible for getting processed by all BeanPostProcessors (for example: not eligible for auto-proxying)
2025-01-05 20:49:20 |INFO  |main |PostProcessorRegistrationDelegate.java:376 |org.springframework.context.support.PostProcessorRegistrationDelegate$BeanPostProcessorChecker |Bean 'defaultMQProducer' of type [org.apache.rocketmq.client.producer.DefaultMQProducer] is not eligible for getting processed by all BeanPostProcessors (for example: not eligible for auto-proxying)
2025-01-05 20:49:20 |INFO  |main |PostProcessorRegistrationDelegate.java:376 |org.springframework.context.support.PostProcessorRegistrationDelegate$BeanPostProcessorChecker |Bean 'jacksonConfig' of type [ljl.bilibili.notice.config.JacksonConfig$$EnhancerBySpringCGLIB$$c47344fb] is not eligible for getting processed by all BeanPostProcessors (for example: not eligible for auto-proxying)
2025-01-05 20:49:20 |INFO  |main |PostProcessorRegistrationDelegate.java:376 |org.springframework.context.support.PostProcessorRegistrationDelegate$BeanPostProcessorChecker |Bean 'objectMapper' of type [com.fasterxml.jackson.databind.ObjectMapper] is not eligible for getting processed by all BeanPostProcessors (for example: not eligible for auto-proxying)
2025-01-05 20:49:20 |INFO  |main |PostProcessorRegistrationDelegate.java:376 |org.springframework.context.support.PostProcessorRegistrationDelegate$BeanPostProcessorChecker |Bean 'org.apache.rocketmq.spring.autoconfigure.MessageConverterConfiguration' of type [org.apache.rocketmq.spring.autoconfigure.MessageConverterConfiguration$$EnhancerBySpringCGLIB$$83c14d07] is not eligible for getting processed by all BeanPostProcessors (for example: not eligible for auto-proxying)
2025-01-05 20:49:20 |INFO  |main |PostProcessorRegistrationDelegate.java:376 |org.springframework.context.support.PostProcessorRegistrationDelegate$BeanPostProcessorChecker |Bean 'createRocketMQMessageConverter' of type [org.apache.rocketmq.spring.support.RocketMQMessageConverter] is not eligible for getting processed by all BeanPostProcessors (for example: not eligible for auto-proxying)
2025-01-05 20:49:20 |INFO  |main |PostProcessorRegistrationDelegate.java:376 |org.springframework.context.support.PostProcessorRegistrationDelegate$BeanPostProcessorChecker |Bean 'rocketMQTemplate' of type [org.apache.rocketmq.spring.core.RocketMQTemplate] is not eligible for getting processed by all BeanPostProcessors (for example: not eligible for auto-proxying)
2025-01-05 20:49:20 |INFO  |main |PostProcessorRegistrationDelegate.java:376 |org.springframework.context.support.PostProcessorRegistrationDelegate$BeanPostProcessorChecker |Bean 'transactionHandlerRegistry' of type [org.apache.rocketmq.spring.config.TransactionHandlerRegistry] is not eligible for getting processed by all BeanPostProcessors (for example: not eligible for auto-proxying)
2025-01-05 20:49:21 |INFO  |main |TomcatWebServer.java:108 |org.springframework.boot.web.embedded.tomcat.TomcatWebServer |Tomcat initialized with port(s): 30000 (http)
2025-01-05 20:49:21 |INFO  |main |DirectJDKLog.java:173 |org.apache.catalina.core.AprLifecycleListener |Loaded Apache Tomcat Native library [1.3.0] using APR version [1.7.4].
2025-01-05 20:49:21 |INFO  |main |DirectJDKLog.java:173 |org.apache.catalina.core.AprLifecycleListener |APR capabilities: IPv6 [true], sendfile [true], accept filters [false], random [true], UDS [true].
2025-01-05 20:49:21 |INFO  |main |DirectJDKLog.java:173 |org.apache.catalina.core.AprLifecycleListener |APR/OpenSSL configuration: useAprConnector [false], useOpenSSL [true]
2025-01-05 20:49:21 |INFO  |main |DirectJDKLog.java:173 |org.apache.catalina.core.AprLifecycleListener |OpenSSL successfully initialized [OpenSSL 3.0.13 30 Jan 2024]
2025-01-05 20:49:21 |INFO  |main |DirectJDKLog.java:173 |org.apache.coyote.http11.Http11NioProtocol |Initializing ProtocolHandler ["http-nio-30000"]
2025-01-05 20:49:21 |INFO  |main |DirectJDKLog.java:173 |org.apache.catalina.core.StandardService |Starting service [Tomcat]
2025-01-05 20:49:21 |INFO  |main |DirectJDKLog.java:173 |org.apache.catalina.core.StandardEngine |Starting Servlet engine: [Apache Tomcat/9.0.65]
2025-01-05 20:49:22 |INFO  |main |DirectJDKLog.java:173 |org.apache.catalina.core.ContainerBase.[Tomcat].[localhost].[/] |Initializing Spring embedded WebApplicationContext
2025-01-05 20:49:22 |INFO  |main |ServletWebServerApplicationContext.java:290 |org.springframework.boot.web.servlet.context.ServletWebServerApplicationContext |Root WebApplicationContext: initialization completed in 4363 ms
2025-01-05 20:49:22 |WARN  |pool-2-thread-1 |ZipkinAutoConfiguration.java:165 |org.springframework.cloud.sleuth.autoconfig.zipkin2.ZipkinAutoConfiguration |Check result of the [RestTemplateSender{http://localhost:9411/api/v2/spans}] contains an error [CheckResult{ok=false, error=org.springframework.web.client.ResourceAccessException: I/O error on POST request for "http://localhost:9411/api/v2/spans": Connection refused: no further information; nested exception is java.net.ConnectException: Connection refused: no further information}]
2025-01-05 20:49:23 |INFO  |main |MybatisPlusJoinAutoConfiguration.java:140 |com.github.yulichang.autoconfigure.MybatisPlusJoinAutoConfiguration |mybatis plus join properties config complete
2025-01-05 20:49:23 |INFO  |main |MybatisPlusJoinAutoConfiguration.java:140 |com.github.yulichang.autoconfigure.MybatisPlusJoinAutoConfiguration |mybatis plus join SqlInjector init
2025-01-05 20:49:25 |INFO  |main |WebMvcPropertySourcedRequestMappingHandlerMapping.java:69 |springfox.documentation.spring.web.WebMvcPropertySourcedRequestMappingHandlerMapping |Mapped URL path [/v2/api-docs] onto method [springfox.documentation.swagger2.web.Swagger2ControllerWebMvc#getDocumentation(String, HttpServletRequest)]
2025-01-05 20:49:27 |WARN  |main |LoadBalancerCacheAutoConfiguration.java:82 |org.springframework.cloud.loadbalancer.config.LoadBalancerCacheAutoConfiguration$LoadBalancerCaffeineWarnLogger |Spring Cloud LoadBalancer is currently working with the default cache. While this cache implementation is useful for development and tests, it's recommended to use Caffeine cache in production.You can switch to using Caffeine cache, by adding it and org.springframework.cache.caffeine.CaffeineCacheManager to the classpath.
2025-01-05 20:49:28 |INFO  |main |DefaultRocketMQListenerContainer.java:281 |org.apache.rocketmq.spring.support.DefaultRocketMQListenerContainer |running container: DefaultRocketMQListenerContainer{consumerGroup='comment-group', nameServer='localhost:9876', topic='comment', consumeMode=CONCURRENTLY, selectorType=TAG, selectorExpression='*', messageModel=CLUSTERING}
2025-01-05 20:49:28 |INFO  |main |ListenerContainerConfiguration.java:127 |org.apache.rocketmq.spring.autoconfigure.ListenerContainerConfiguration |Register the listener to container, listenerBeanName:commentConsumer, containerBeanName:org.apache.rocketmq.spring.support.DefaultRocketMQListenerContainer_1
2025-01-05 20:49:28 |INFO  |main |DefaultRocketMQListenerContainer.java:281 |org.apache.rocketmq.spring.support.DefaultRocketMQListenerContainer |running container: DefaultRocketMQListenerContainer{consumerGroup='dynamic-group', nameServer='localhost:9876', topic='dynamic', consumeMode=CONCURRENTLY, selectorType=TAG, selectorExpression='*', messageModel=CLUSTERING}
2025-01-05 20:49:28 |INFO  |main |ListenerContainerConfiguration.java:127 |org.apache.rocketmq.spring.autoconfigure.ListenerContainerConfiguration |Register the listener to container, listenerBeanName:dynamicConsumer, containerBeanName:org.apache.rocketmq.spring.support.DefaultRocketMQListenerContainer_2
2025-01-05 20:49:28 |INFO  |main |DefaultRocketMQListenerContainer.java:281 |org.apache.rocketmq.spring.support.DefaultRocketMQListenerContainer |running container: DefaultRocketMQListenerContainer{consumerGroup='like-group', nameServer='localhost:9876', topic='like', consumeMode=ORDERLY, selectorType=TAG, selectorExpression='*', messageModel=CLUSTERING}
2025-01-05 20:49:28 |INFO  |main |ListenerContainerConfiguration.java:127 |org.apache.rocketmq.spring.autoconfigure.ListenerContainerConfiguration |Register the listener to container, listenerBeanName:likeConsumer, containerBeanName:org.apache.rocketmq.spring.support.DefaultRocketMQListenerContainer_3
2025-01-05 20:49:28 |INFO  |main |DefaultRocketMQListenerContainer.java:281 |org.apache.rocketmq.spring.support.DefaultRocketMQListenerContainer |running container: DefaultRocketMQListenerContainer{consumerGroup='mysql-es-group', nameServer='localhost:9876', topic='mysqlToEs', consumeMode=CONCURRENTLY, selectorType=TAG, selectorExpression='*', messageModel=CLUSTERING}
2025-01-05 20:49:28 |INFO  |main |ListenerContainerConfiguration.java:127 |org.apache.rocketmq.spring.autoconfigure.ListenerContainerConfiguration |Register the listener to container, listenerBeanName:mysqlToEsConsumer, containerBeanName:org.apache.rocketmq.spring.support.DefaultRocketMQListenerContainer_4
2025-01-05 20:49:28 |INFO  |main |DefaultRocketMQListenerContainer.java:281 |org.apache.rocketmq.spring.support.DefaultRocketMQListenerContainer |running container: DefaultRocketMQListenerContainer{consumerGroup='video-encode-group', nameServer='localhost:9876', topic='video-encode', consumeMode=ORDERLY, selectorType=TAG, selectorExpression='*', messageModel=CLUSTERING}
2025-01-05 20:49:28 |INFO  |main |ListenerContainerConfiguration.java:127 |org.apache.rocketmq.spring.autoconfigure.ListenerContainerConfiguration |Register the listener to container, listenerBeanName:videoEncodeConsumer, containerBeanName:org.apache.rocketmq.spring.support.DefaultRocketMQListenerContainer_5
2025-01-05 20:49:28 |INFO  |main |DirectJDKLog.java:173 |org.apache.coyote.http11.Http11NioProtocol |Starting ProtocolHandler ["http-nio-30000"]
2025-01-05 20:49:28 |INFO  |main |TomcatWebServer.java:220 |org.springframework.boot.web.embedded.tomcat.TomcatWebServer |Tomcat started on port(s): 30000 (http) with context path ''
2025-01-05 20:49:29 |INFO  |main |DocumentationPluginsBootstrapper.java:93 |springfox.documentation.spring.web.plugins.DocumentationPluginsBootstrapper |Documentation plugins bootstrapped
2025-01-05 20:49:29 |INFO  |main |AbstractDocumentationPluginsBootstrapper.java:79 |springfox.documentation.spring.web.plugins.DocumentationPluginsBootstrapper |Found 1 custom documentation plugin(s)
2025-01-05 20:49:29 |INFO  |main |ApiListingReferenceScanner.java:44 |springfox.documentation.spring.web.scanners.ApiListingReferenceScanner |Scanning for api listing references
2025-01-05 20:49:29 |INFO  |main |StartupInfoLogger.java:61 |ljl.bilibili.notice.MessageApplication |Started MessageApplication in 12.53 seconds (JVM running for 13.508)
2025-01-05 23:18:31 |INFO  |Thread-7 |TimeBasedFilter.java:24 |ljl.bilibili.filter.TimeBasedFilter |






2025-01-05 23:18:31 |INFO  |Thread-7 |ZipkinAutoConfiguration.java:144 |org.springframework.cloud.sleuth.autoconfig.zipkin2.ZipkinAutoConfiguration |Flushing remaining spans on shutdown
2025-01-05 23:18:31 |INFO  |SpringApplicationShutdownHook |DefaultRocketMQListenerContainer.java:254 |org.apache.rocketmq.spring.support.DefaultRocketMQListenerContainer |container destroyed, DefaultRocketMQListenerContainer{consumerGroup='video-encode-group', nameServer='localhost:9876', topic='video-encode', consumeMode=ORDERLY, selectorType=TAG, selectorExpression='*', messageModel=CLUSTERING}
2025-01-05 23:18:31 |INFO  |SpringApplicationShutdownHook |DefaultRocketMQListenerContainer.java:254 |org.apache.rocketmq.spring.support.DefaultRocketMQListenerContainer |container destroyed, DefaultRocketMQListenerContainer{consumerGroup='mysql-es-group', nameServer='localhost:9876', topic='mysqlToEs', consumeMode=CONCURRENTLY, selectorType=TAG, selectorExpression='*', messageModel=CLUSTERING}
2025-01-05 23:18:31 |INFO  |SpringApplicationShutdownHook |DefaultRocketMQListenerContainer.java:254 |org.apache.rocketmq.spring.support.DefaultRocketMQListenerContainer |container destroyed, DefaultRocketMQListenerContainer{consumerGroup='like-group', nameServer='localhost:9876', topic='like', consumeMode=ORDERLY, selectorType=TAG, selectorExpression='*', messageModel=CLUSTERING}
2025-01-05 23:18:31 |INFO  |SpringApplicationShutdownHook |DefaultRocketMQListenerContainer.java:254 |org.apache.rocketmq.spring.support.DefaultRocketMQListenerContainer |container destroyed, DefaultRocketMQListenerContainer{consumerGroup='dynamic-group', nameServer='localhost:9876', topic='dynamic', consumeMode=CONCURRENTLY, selectorType=TAG, selectorExpression='*', messageModel=CLUSTERING}
2025-01-05 23:18:31 |INFO  |SpringApplicationShutdownHook |DefaultRocketMQListenerContainer.java:254 |org.apache.rocketmq.spring.support.DefaultRocketMQListenerContainer |container destroyed, DefaultRocketMQListenerContainer{consumerGroup='comment-group', nameServer='localhost:9876', topic='comment', consumeMode=CONCURRENTLY, selectorType=TAG, selectorExpression='*', messageModel=CLUSTERING}
2025-01-05 23:18:31 |INFO  |SpringApplicationShutdownHook |DruidDataSource.java:2063 |com.alibaba.druid.pool.DruidDataSource |{dataSource-0} closing ...
2025-01-05 23:18:32 |INFO  |NettyClientSelector_1 |Slf4jLoggerFactory.java:95 |RocketmqRemoting |closeChannel: close the connection to remote address[192.168.15.1:10911] result: true
2025-01-05 23:18:32 |INFO  |NettyClientSelector_1 |Slf4jLoggerFactory.java:95 |RocketmqRemoting |closeChannel: close the connection to remote address[127.0.0.1:9876] result: true
2025-01-05 23:18:32 |INFO  |NettyClientSelector_1 |Slf4jLoggerFactory.java:95 |RocketmqRemoting |closeChannel: close the connection to remote address[192.168.15.1:10911] result: true
2025-01-05 23:18:32 |INFO  |NettyClientSelector_1 |Slf4jLoggerFactory.java:95 |RocketmqRemoting |closeChannel: close the connection to remote address[127.0.0.1:9876] result: true
2025-01-05 23:18:32 |WARN  |SpringApplicationShutdownHook |DisposableBeanAdapter.java:222 |org.springframework.beans.factory.support.DisposableBeanAdapter |Invocation of destroy method failed on bean with name 'rocketMQTemplate': java.lang.IllegalStateException: Shutdown in progress
2025-01-05 23:18:32 |WARN  |SpringApplicationShutdownHook |DisposableBeanAdapter.java:329 |org.springframework.beans.factory.support.DisposableBeanAdapter |Custom destroy method 'shutdown' on bean with name 'defaultMQProducer' threw an exception: java.lang.IllegalStateException: Shutdown in progress
2025-01-05 23:18:35 |INFO  |background-preinit |Version.java:21 |org.hibernate.validator.internal.util.Version |HV000001: Hibernate Validator 6.2.4.Final
2025-01-05 23:18:35 |INFO  |main |StartupInfoLogger.java:55 |ljl.bilibili.notice.MessageApplication |Starting MessageApplication using Java 17.0.13 on DESKTOP-JHA4ATL with PID 36824 (E:\YupiProjects\aigcbilibili-main\java\notice\target\classes started by 欧阳健丽 in E:\YupiProjects\aigcbilibili-main)
2025-01-05 23:18:35 |INFO  |main |SpringApplication.java:645 |ljl.bilibili.notice.MessageApplication |No active profile set, falling back to 1 default profile: "default"
2025-01-05 23:18:36 |INFO  |main |RepositoryConfigurationDelegate.java:262 |org.springframework.data.repository.config.RepositoryConfigurationDelegate |Multiple Spring Data modules found, entering strict repository configuration mode
2025-01-05 23:18:36 |INFO  |main |RepositoryConfigurationDelegate.java:132 |org.springframework.data.repository.config.RepositoryConfigurationDelegate |Bootstrapping Spring Data Redis repositories in DEFAULT mode.
2025-01-05 23:18:36 |INFO  |main |RepositoryConfigurationDelegate.java:201 |org.springframework.data.repository.config.RepositoryConfigurationDelegate |Finished Spring Data repository scanning in 6 ms. Found 0 Redis repository interfaces.
2025-01-05 23:18:36 |INFO  |main |GenericScope.java:283 |org.springframework.cloud.context.scope.GenericScope |BeanFactory id=2aeec7e4-681c-3f32-84b3-5b849d0116d0
2025-01-05 23:18:36 |INFO  |main |PostProcessorRegistrationDelegate.java:376 |org.springframework.context.support.PostProcessorRegistrationDelegate$BeanPostProcessorChecker |Bean 'org.apache.rocketmq.spring.autoconfigure.RocketMQAutoConfiguration' of type [org.apache.rocketmq.spring.autoconfigure.RocketMQAutoConfiguration$$EnhancerBySpringCGLIB$$4645e58] is not eligible for getting processed by all BeanPostProcessors (for example: not eligible for auto-proxying)
2025-01-05 23:18:36 |INFO  |main |PostProcessorRegistrationDelegate.java:376 |org.springframework.context.support.PostProcessorRegistrationDelegate$BeanPostProcessorChecker |Bean 'org.springframework.cloud.commons.config.CommonsConfigAutoConfiguration' of type [org.springframework.cloud.commons.config.CommonsConfigAutoConfiguration] is not eligible for getting processed by all BeanPostProcessors (for example: not eligible for auto-proxying)
2025-01-05 23:18:36 |INFO  |main |PostProcessorRegistrationDelegate.java:376 |org.springframework.context.support.PostProcessorRegistrationDelegate$BeanPostProcessorChecker |Bean 'org.springframework.cloud.client.loadbalancer.LoadBalancerDefaultMappingsProviderAutoConfiguration' of type [org.springframework.cloud.client.loadbalancer.LoadBalancerDefaultMappingsProviderAutoConfiguration] is not eligible for getting processed by all BeanPostProcessors (for example: not eligible for auto-proxying)
2025-01-05 23:18:36 |INFO  |main |PostProcessorRegistrationDelegate.java:376 |org.springframework.context.support.PostProcessorRegistrationDelegate$BeanPostProcessorChecker |Bean 'loadBalancerClientsDefaultsMappingsProvider' of type [org.springframework.cloud.client.loadbalancer.LoadBalancerDefaultMappingsProviderAutoConfiguration$$Lambda$567/0x000001f2084757a8] is not eligible for getting processed by all BeanPostProcessors (for example: not eligible for auto-proxying)
2025-01-05 23:18:36 |INFO  |main |PostProcessorRegistrationDelegate.java:376 |org.springframework.context.support.PostProcessorRegistrationDelegate$BeanPostProcessorChecker |Bean 'defaultsBindHandlerAdvisor' of type [org.springframework.cloud.commons.config.DefaultsBindHandlerAdvisor] is not eligible for getting processed by all BeanPostProcessors (for example: not eligible for auto-proxying)
2025-01-05 23:18:36 |INFO  |main |PostProcessorRegistrationDelegate.java:376 |org.springframework.context.support.PostProcessorRegistrationDelegate$BeanPostProcessorChecker |Bean 'rocketmq-org.apache.rocketmq.spring.autoconfigure.RocketMQProperties' of type [org.apache.rocketmq.spring.autoconfigure.RocketMQProperties] is not eligible for getting processed by all BeanPostProcessors (for example: not eligible for auto-proxying)
2025-01-05 23:18:36 |INFO  |main |PostProcessorRegistrationDelegate.java:376 |org.springframework.context.support.PostProcessorRegistrationDelegate$BeanPostProcessorChecker |Bean 'defaultMQProducer' of type [org.apache.rocketmq.client.producer.DefaultMQProducer] is not eligible for getting processed by all BeanPostProcessors (for example: not eligible for auto-proxying)
2025-01-05 23:18:36 |INFO  |main |PostProcessorRegistrationDelegate.java:376 |org.springframework.context.support.PostProcessorRegistrationDelegate$BeanPostProcessorChecker |Bean 'jacksonConfig' of type [ljl.bilibili.notice.config.JacksonConfig$$EnhancerBySpringCGLIB$$60254f3a] is not eligible for getting processed by all BeanPostProcessors (for example: not eligible for auto-proxying)
2025-01-05 23:18:36 |INFO  |main |PostProcessorRegistrationDelegate.java:376 |org.springframework.context.support.PostProcessorRegistrationDelegate$BeanPostProcessorChecker |Bean 'objectMapper' of type [com.fasterxml.jackson.databind.ObjectMapper] is not eligible for getting processed by all BeanPostProcessors (for example: not eligible for auto-proxying)
2025-01-05 23:18:36 |INFO  |main |PostProcessorRegistrationDelegate.java:376 |org.springframework.context.support.PostProcessorRegistrationDelegate$BeanPostProcessorChecker |Bean 'org.apache.rocketmq.spring.autoconfigure.MessageConverterConfiguration' of type [org.apache.rocketmq.spring.autoconfigure.MessageConverterConfiguration$$EnhancerBySpringCGLIB$$1f735746] is not eligible for getting processed by all BeanPostProcessors (for example: not eligible for auto-proxying)
2025-01-05 23:18:37 |INFO  |main |PostProcessorRegistrationDelegate.java:376 |org.springframework.context.support.PostProcessorRegistrationDelegate$BeanPostProcessorChecker |Bean 'createRocketMQMessageConverter' of type [org.apache.rocketmq.spring.support.RocketMQMessageConverter] is not eligible for getting processed by all BeanPostProcessors (for example: not eligible for auto-proxying)
2025-01-05 23:18:37 |INFO  |main |PostProcessorRegistrationDelegate.java:376 |org.springframework.context.support.PostProcessorRegistrationDelegate$BeanPostProcessorChecker |Bean 'rocketMQTemplate' of type [org.apache.rocketmq.spring.core.RocketMQTemplate] is not eligible for getting processed by all BeanPostProcessors (for example: not eligible for auto-proxying)
2025-01-05 23:18:37 |INFO  |main |PostProcessorRegistrationDelegate.java:376 |org.springframework.context.support.PostProcessorRegistrationDelegate$BeanPostProcessorChecker |Bean 'transactionHandlerRegistry' of type [org.apache.rocketmq.spring.config.TransactionHandlerRegistry] is not eligible for getting processed by all BeanPostProcessors (for example: not eligible for auto-proxying)
2025-01-05 23:18:37 |INFO  |main |TomcatWebServer.java:108 |org.springframework.boot.web.embedded.tomcat.TomcatWebServer |Tomcat initialized with port(s): 30000 (http)
2025-01-05 23:18:37 |INFO  |main |DirectJDKLog.java:173 |org.apache.catalina.core.AprLifecycleListener |Loaded Apache Tomcat Native library [1.3.0] using APR version [1.7.4].
2025-01-05 23:18:37 |INFO  |main |DirectJDKLog.java:173 |org.apache.catalina.core.AprLifecycleListener |APR capabilities: IPv6 [true], sendfile [true], accept filters [false], random [true], UDS [true].
2025-01-05 23:18:37 |INFO  |main |DirectJDKLog.java:173 |org.apache.catalina.core.AprLifecycleListener |APR/OpenSSL configuration: useAprConnector [false], useOpenSSL [true]
2025-01-05 23:18:37 |INFO  |main |DirectJDKLog.java:173 |org.apache.catalina.core.AprLifecycleListener |OpenSSL successfully initialized [OpenSSL 3.0.13 30 Jan 2024]
2025-01-05 23:18:37 |INFO  |main |DirectJDKLog.java:173 |org.apache.coyote.http11.Http11NioProtocol |Initializing ProtocolHandler ["http-nio-30000"]
2025-01-05 23:18:37 |INFO  |main |DirectJDKLog.java:173 |org.apache.catalina.core.StandardService |Starting service [Tomcat]
2025-01-05 23:18:37 |INFO  |main |DirectJDKLog.java:173 |org.apache.catalina.core.StandardEngine |Starting Servlet engine: [Apache Tomcat/9.0.65]
2025-01-05 23:18:37 |INFO  |main |DirectJDKLog.java:173 |org.apache.catalina.core.ContainerBase.[Tomcat].[localhost].[/] |Initializing Spring embedded WebApplicationContext
2025-01-05 23:18:37 |INFO  |main |ServletWebServerApplicationContext.java:290 |org.springframework.boot.web.servlet.context.ServletWebServerApplicationContext |Root WebApplicationContext: initialization completed in 2120 ms
2025-01-05 23:18:38 |WARN  |pool-2-thread-1 |ZipkinAutoConfiguration.java:165 |org.springframework.cloud.sleuth.autoconfig.zipkin2.ZipkinAutoConfiguration |Check result of the [RestTemplateSender{http://localhost:9411/api/v2/spans}] contains an error [CheckResult{ok=false, error=org.springframework.web.client.ResourceAccessException: I/O error on POST request for "http://localhost:9411/api/v2/spans": Connection refused: no further information; nested exception is java.net.ConnectException: Connection refused: no further information}]
2025-01-05 23:18:38 |INFO  |main |MybatisPlusJoinAutoConfiguration.java:140 |com.github.yulichang.autoconfigure.MybatisPlusJoinAutoConfiguration |mybatis plus join properties config complete
2025-01-05 23:18:38 |INFO  |main |MybatisPlusJoinAutoConfiguration.java:140 |com.github.yulichang.autoconfigure.MybatisPlusJoinAutoConfiguration |mybatis plus join SqlInjector init
2025-01-05 23:18:39 |INFO  |main |WebMvcPropertySourcedRequestMappingHandlerMapping.java:69 |springfox.documentation.spring.web.WebMvcPropertySourcedRequestMappingHandlerMapping |Mapped URL path [/v2/api-docs] onto method [springfox.documentation.swagger2.web.Swagger2ControllerWebMvc#getDocumentation(String, HttpServletRequest)]
2025-01-05 23:18:40 |WARN  |main |LoadBalancerCacheAutoConfiguration.java:82 |org.springframework.cloud.loadbalancer.config.LoadBalancerCacheAutoConfiguration$LoadBalancerCaffeineWarnLogger |Spring Cloud LoadBalancer is currently working with the default cache. While this cache implementation is useful for development and tests, it's recommended to use Caffeine cache in production.You can switch to using Caffeine cache, by adding it and org.springframework.cache.caffeine.CaffeineCacheManager to the classpath.
2025-01-05 23:18:40 |INFO  |main |DefaultRocketMQListenerContainer.java:281 |org.apache.rocketmq.spring.support.DefaultRocketMQListenerContainer |running container: DefaultRocketMQListenerContainer{consumerGroup='comment-group', nameServer='localhost:9876', topic='comment', consumeMode=CONCURRENTLY, selectorType=TAG, selectorExpression='*', messageModel=CLUSTERING}
2025-01-05 23:18:40 |INFO  |main |ListenerContainerConfiguration.java:127 |org.apache.rocketmq.spring.autoconfigure.ListenerContainerConfiguration |Register the listener to container, listenerBeanName:commentConsumer, containerBeanName:org.apache.rocketmq.spring.support.DefaultRocketMQListenerContainer_1
2025-01-05 23:18:40 |INFO  |main |DefaultRocketMQListenerContainer.java:281 |org.apache.rocketmq.spring.support.DefaultRocketMQListenerContainer |running container: DefaultRocketMQListenerContainer{consumerGroup='dynamic-group', nameServer='localhost:9876', topic='dynamic', consumeMode=CONCURRENTLY, selectorType=TAG, selectorExpression='*', messageModel=CLUSTERING}
2025-01-05 23:18:40 |INFO  |main |ListenerContainerConfiguration.java:127 |org.apache.rocketmq.spring.autoconfigure.ListenerContainerConfiguration |Register the listener to container, listenerBeanName:dynamicConsumer, containerBeanName:org.apache.rocketmq.spring.support.DefaultRocketMQListenerContainer_2
2025-01-05 23:18:40 |INFO  |main |DefaultRocketMQListenerContainer.java:281 |org.apache.rocketmq.spring.support.DefaultRocketMQListenerContainer |running container: DefaultRocketMQListenerContainer{consumerGroup='like-group', nameServer='localhost:9876', topic='like', consumeMode=ORDERLY, selectorType=TAG, selectorExpression='*', messageModel=CLUSTERING}
2025-01-05 23:18:40 |INFO  |main |ListenerContainerConfiguration.java:127 |org.apache.rocketmq.spring.autoconfigure.ListenerContainerConfiguration |Register the listener to container, listenerBeanName:likeConsumer, containerBeanName:org.apache.rocketmq.spring.support.DefaultRocketMQListenerContainer_3
2025-01-05 23:18:40 |INFO  |main |DefaultRocketMQListenerContainer.java:281 |org.apache.rocketmq.spring.support.DefaultRocketMQListenerContainer |running container: DefaultRocketMQListenerContainer{consumerGroup='mysql-es-group', nameServer='localhost:9876', topic='mysqlToEs', consumeMode=CONCURRENTLY, selectorType=TAG, selectorExpression='*', messageModel=CLUSTERING}
2025-01-05 23:18:40 |INFO  |main |ListenerContainerConfiguration.java:127 |org.apache.rocketmq.spring.autoconfigure.ListenerContainerConfiguration |Register the listener to container, listenerBeanName:mysqlToEsConsumer, containerBeanName:org.apache.rocketmq.spring.support.DefaultRocketMQListenerContainer_4
2025-01-05 23:18:40 |INFO  |main |DefaultRocketMQListenerContainer.java:281 |org.apache.rocketmq.spring.support.DefaultRocketMQListenerContainer |running container: DefaultRocketMQListenerContainer{consumerGroup='video-encode-group', nameServer='localhost:9876', topic='video-encode', consumeMode=ORDERLY, selectorType=TAG, selectorExpression='*', messageModel=CLUSTERING}
2025-01-05 23:18:40 |INFO  |main |ListenerContainerConfiguration.java:127 |org.apache.rocketmq.spring.autoconfigure.ListenerContainerConfiguration |Register the listener to container, listenerBeanName:videoEncodeConsumer, containerBeanName:org.apache.rocketmq.spring.support.DefaultRocketMQListenerContainer_5
2025-01-05 23:18:40 |INFO  |main |DirectJDKLog.java:173 |org.apache.coyote.http11.Http11NioProtocol |Starting ProtocolHandler ["http-nio-30000"]
2025-01-05 23:18:40 |INFO  |main |TomcatWebServer.java:220 |org.springframework.boot.web.embedded.tomcat.TomcatWebServer |Tomcat started on port(s): 30000 (http) with context path ''
2025-01-05 23:18:41 |INFO  |main |DocumentationPluginsBootstrapper.java:93 |springfox.documentation.spring.web.plugins.DocumentationPluginsBootstrapper |Documentation plugins bootstrapped
2025-01-05 23:18:41 |INFO  |main |AbstractDocumentationPluginsBootstrapper.java:79 |springfox.documentation.spring.web.plugins.DocumentationPluginsBootstrapper |Found 1 custom documentation plugin(s)
2025-01-05 23:18:41 |INFO  |main |ApiListingReferenceScanner.java:44 |springfox.documentation.spring.web.scanners.ApiListingReferenceScanner |Scanning for api listing references
2025-01-05 23:18:41 |INFO  |main |StartupInfoLogger.java:61 |ljl.bilibili.notice.MessageApplication |Started MessageApplication in 6.059 seconds (JVM running for 6.654)
